{"meta": {"format": 3, "version": "7.11.1", "timestamp": "2025-11-12T14:02:47.874823", "branch_coverage": false, "show_contexts": false}, "files": {"quantchain\\core\\secret_managers\\vault.py": {"executed_lines": [1, 3, 4, 5, 6, 8, 9, 15, 17, 20, 21, 23, 42, 43, 44, 45, 46, 48, 49, 53, 54, 59, 68, 69, 71, 73, 83, 84, 86, 95, 96, 97, 101, 103, 106, 107, 108, 110, 113, 115, 116, 117, 118, 120, 129, 130, 131, 144, 145, 148, 150, 159, 160, 161, 167, 168, 169], "summary": {"covered_lines": 55, "num_statements": 62, "percent_covered": 88.70967741935483, "percent_covered_display": "89", "missing_lines": 7, "excluded_lines": 0}, "missing_lines": [10, 11, 135, 137, 139, 143, 162], "excluded_lines": [], "functions": {"VaultSecretManager.__init__": {"executed_lines": [42, 43, 44, 45, 46, 48, 49, 53, 54, 59, 68, 69, 71], "summary": {"covered_lines": 13, "num_statements": 13, "percent_covered": 100.0, "percent_covered_display": "100", "missing_lines": 0, "excluded_lines": 0}, "missing_lines": [], "excluded_lines": []}, "VaultSecretManager._build_secret_path": {"executed_lines": [83, 84], "summary": {"covered_lines": 2, "num_statements": 2, "percent_covered": 100.0, "percent_covered_display": "100", "missing_lines": 0, "excluded_lines": 0}, "missing_lines": [], "excluded_lines": []}, "VaultSecretManager.get_secret": {"executed_lines": [95, 96, 97, 101, 103, 106, 107, 108, 110, 113, 115, 116, 117, 118], "summary": {"covered_lines": 14, "num_statements": 14, "percent_covered": 100.0, "percent_covered_display": "100", "missing_lines": 0, "excluded_lines": 0}, "missing_lines": [], "excluded_lines": []}, "VaultSecretManager.get_service_credentials": {"executed_lines": [129, 130, 131, 144, 145, 148], "summary": {"covered_lines": 6, "num_statements": 10, "percent_covered": 60.0, "percent_covered_display": "60", "missing_lines": 4, "excluded_lines": 0}, "missing_lines": [135, 137, 139, 143], "excluded_lines": []}, "VaultSecretManager.validate_service": {"executed_lines": [159, 160, 161, 167, 168, 169], "summary": {"covered_lines": 6, "num_statements": 7, "percent_covered": 85.71428571428571, "percent_covered_display": "86", "missing_lines": 1, "excluded_lines": 0}, "missing_lines": [162], "excluded_lines": []}, "": {"executed_lines": [1, 3, 4, 5, 6, 8, 9, 15, 17, 20, 21, 23, 73, 86, 120, 150], "summary": {"covered_lines": 14, "num_statements": 16, "percent_covered": 87.5, "percent_covered_display": "88", "missing_lines": 2, "excluded_lines": 0}, "missing_lines": [10, 11], "excluded_lines": []}}, "classes": {"VaultSecretManager": {"executed_lines": [42, 43, 44, 45, 46, 48, 49, 53, 54, 59, 68, 69, 71, 83, 84, 95, 96, 97, 101, 103, 106, 107, 108, 110, 113, 115, 116, 117, 118, 129, 130, 131, 144, 145, 148, 159, 160, 161, 167, 168, 169], "summary": {"covered_lines": 41, "num_statements": 46, "percent_covered": 89.1304347826087, "percent_covered_display": "89", "missing_lines": 5, "excluded_lines": 0}, "missing_lines": [135, 137, 139, 143, 162], "excluded_lines": []}, "": {"executed_lines": [1, 3, 4, 5, 6, 8, 9, 15, 17, 20, 21, 23, 73, 86, 120, 150], "summary": {"covered_lines": 14, "num_statements": 16, "percent_covered": 87.5, "percent_covered_display": "88", "missing_lines": 2, "excluded_lines": 0}, "missing_lines": [10, 11], "excluded_lines": []}}}}, "totals": {"covered_lines": 55, "num_statements": 62, "percent_covered": 88.70967741935483, "percent_covered_display": "89", "missing_lines": 7, "excluded_lines": 0}}