{"meta": {"format": 3, "version": "7.8.0", "timestamp": "2025-11-08T10:30:28.280384", "branch_coverage": false, "show_contexts": false}, "files": {"quantchain\\__init__.py": {"executed_lines": [1, 3, 4, 5, 7, 8, 9, 10, 11, 13], "summary": {"covered_lines": 9, "num_statements": 9, "percent_covered": 100.0, "percent_covered_display": "100", "missing_lines": 0, "excluded_lines": 0}, "missing_lines": [], "excluded_lines": [], "functions": {"": {"executed_lines": [1, 3, 4, 5, 7, 8, 9, 10, 11, 13], "summary": {"covered_lines": 9, "num_statements": 9, "percent_covered": 100.0, "percent_covered_display": "100", "missing_lines": 0, "excluded_lines": 0}, "missing_lines": [], "excluded_lines": []}}, "classes": {"": {"executed_lines": [1, 3, 4, 5, 7, 8, 9, 10, 11, 13], "summary": {"covered_lines": 9, "num_statements": 9, "percent_covered": 100.0, "percent_covered_display": "100", "missing_lines": 0, "excluded_lines": 0}, "missing_lines": [], "excluded_lines": []}}}, "quantchain\\agents\\__init__.py": {"executed_lines": [1, 3, 4, 5, 10], "summary": {"covered_lines": 4, "num_statements": 4, "percent_covered": 100.0, "percent_covered_display": "100", "missing_lines": 0, "excluded_lines": 0}, "missing_lines": [], "excluded_lines": [], "functions": {"": {"executed_lines": [1, 3, 4, 5, 10], "summary": {"covered_lines": 4, "num_statements": 4, "percent_covered": 100.0, "percent_covered_display": "100", "missing_lines": 0, "excluded_lines": 0}, "missing_lines": [], "excluded_lines": []}}, "classes": {"": {"executed_lines": [1, 3, 4, 5, 10], "summary": {"covered_lines": 4, "num_statements": 4, "percent_covered": 100.0, "percent_covered_display": "100", "missing_lines": 0, "excluded_lines": 0}, "missing_lines": [], "excluded_lines": []}}}, "quantchain\\agents\\chart_reader_agent.py": {"executed_lines": [1, 3, 4, 5, 6, 7, 8, 9, 12, 13, 14, 15, 17, 28, 30, 31, 32, 33, 36, 39, 40, 41, 43, 44, 45, 46, 47, 48, 49, 51, 53, 57, 67, 70, 71, 72, 74, 75, 76, 77, 78, 79, 81, 83, 85, 93, 94, 95, 97, 98, 99, 100, 101, 102, 105, 106, 107, 109, 110, 111, 112, 113, 114, 115, 116, 119, 120, 121, 123, 124, 125, 126, 127, 128, 129, 130, 131, 132, 133, 134, 137, 138, 139, 142, 145, 159, 171, 172, 175, 176, 177, 180, 181, 182, 185, 186, 189, 190, 192, 193, 195, 200, 206, 207, 211, 214, 215, 216, 217, 227, 230, 243, 244, 245, 246, 247, 250, 252, 266, 267, 269, 270, 272, 275, 276, 279, 280, 282, 283, 289, 298, 299, 301, 304, 305, 308, 309, 311, 313, 316, 318, 327, 328, 330, 333, 334, 337, 339, 340, 343, 344, 347, 350, 353, 356, 357, 359, 360, 363, 365, 366, 367, 370, 372, 382, 383, 385, 386, 387, 389, 399, 402, 405, 408, 409, 410, 416, 417, 419, 422, 425, 427, 442, 450, 452, 480, 483, 485, 491, 494, 495, 496, 497, 500, 502, 512, 514, 515, 528, 530, 533, 534, 535, 548, 550, 556, 557, 560, 561, 567, 575, 576, 577, 578, 582, 583, 590, 591, 592, 600, 602, 606, 609, 612, 613, 617, 622, 624, 628, 630, 633, 636, 637, 641, 642, 643, 644, 645, 649, 651, 655, 656, 658, 659, 662, 663, 665, 672, 673, 676, 679, 680, 683, 685, 693, 694, 696, 697, 699, 700, 720, 723, 734, 735, 736, 751, 753, 757, 761, 771, 772, 776, 790, 792, 794, 795, 796, 797, 800, 801, 804, 805, 810, 811, 813, 815, 821, 823, 824, 833, 836, 841, 842, 845, 846, 853, 854, 856], "summary": {"covered_lines": 287, "num_statements": 349, "percent_covered": 82.23495702005731, "percent_covered_display": "82", "missing_lines": 62, "excluded_lines": 0}, "missing_lines": [18, 19, 21, 22, 23, 24, 25, 26, 54, 55, 87, 88, 89, 90, 201, 208, 273, 284, 285, 287, 302, 312, 314, 331, 348, 368, 412, 413, 481, 518, 519, 521, 522, 523, 524, 526, 566, 572, 579, 593, 594, 595, 597, 598, 607, 614, 618, 619, 631, 638, 701, 703, 717, 728, 732, 773, 786, 787, 788, 847, 848, 850], "excluded_lines": [], "functions": {"OHLCVData.to_dataframe": {"executed_lines": [53, 57, 67], "summary": {"covered_lines": 3, "num_statements": 5, "percent_covered": 60.0, "percent_covered_display": "60", "missing_lines": 2, "excluded_lines": 0}, "missing_lines": [54, 55], "excluded_lines": []}, "ChartImage.to_base64": {"executed_lines": [83], "summary": {"covered_lines": 1, "num_statements": 1, "percent_covered": 100.0, "percent_covered_display": "100", "missing_lines": 0, "excluded_lines": 0}, "missing_lines": [], "excluded_lines": []}, "ChartImage.to_pil_image": {"executed_lines": [], "summary": {"covered_lines": 0, "num_statements": 4, "percent_covered": 0.0, "percent_covered_display": "0", "missing_lines": 4, "excluded_lines": 0}, "missing_lines": [87, 88, 89, 90], "excluded_lines": []}, "ChartRenderer.__init__": {"executed_lines": [193], "summary": {"covered_lines": 1, "num_statements": 1, "percent_covered": 100.0, "percent_covered_display": "100", "missing_lines": 0, "excluded_lines": 0}, "missing_lines": [], "excluded_lines": []}, "ChartRenderer.render_candlestick_chart": {"executed_lines": [200, 206, 207, 211, 214, 215, 216, 217, 227, 230, 243, 244, 245, 246, 247, 250, 252], "summary": {"covered_lines": 17, "num_statements": 19, "percent_covered": 89.47368421052632, "percent_covered_display": "89", "missing_lines": 2, "excluded_lines": 0}, "missing_lines": [201, 208], "excluded_lines": []}, "TechnicalIndicatorCalculator.calculate_sma": {"executed_lines": [272, 275, 276, 279, 280, 282, 283, 289], "summary": {"covered_lines": 8, "num_statements": 12, "percent_covered": 66.66666666666667, "percent_covered_display": "67", "missing_lines": 4, "excluded_lines": 0}, "missing_lines": [273, 284, 285, 287], "excluded_lines": []}, "TechnicalIndicatorCalculator.calculate_ema": {"executed_lines": [301, 304, 305, 308, 309, 311, 313, 316, 318], "summary": {"covered_lines": 9, "num_statements": 12, "percent_covered": 75.0, "percent_covered_display": "75", "missing_lines": 3, "excluded_lines": 0}, "missing_lines": [302, 312, 314], "excluded_lines": []}, "TechnicalIndicatorCalculator.calculate_rsi": {"executed_lines": [330, 333, 334, 337, 339, 340, 343, 344, 347, 350, 353, 356, 357, 359, 360, 363, 365, 366, 367, 370, 372], "summary": {"covered_lines": 21, "num_statements": 24, "percent_covered": 87.5, "percent_covered_display": "88", "missing_lines": 3, "excluded_lines": 0}, "missing_lines": [331, 348, 368], "excluded_lines": []}, "PatternRecognizer.__init__": {"executed_lines": [386, 387], "summary": {"covered_lines": 2, "num_statements": 2, "percent_covered": 100.0, "percent_covered_display": "100", "missing_lines": 0, "excluded_lines": 0}, "missing_lines": [], "excluded_lines": []}, "PatternRecognizer.analyze_chart": {"executed_lines": [399, 402, 405, 408, 409, 410, 416, 417, 419, 422, 425, 427], "summary": {"covered_lines": 12, "num_statements": 14, "percent_covered": 85.71428571428571, "percent_covered_display": "86", "missing_lines": 2, "excluded_lines": 0}, "missing_lines": [412, 413], "excluded_lines": []}, "PatternRecognizer._create_analysis_prompt": {"executed_lines": [450, 452, 480, 483], "summary": {"covered_lines": 4, "num_statements": 5, "percent_covered": 80.0, "percent_covered_display": "80", "missing_lines": 1, "excluded_lines": 0}, "missing_lines": [481], "excluded_lines": []}, "PatternRecognizer._fallback_text_analysis": {"executed_lines": [491, 494, 495, 496, 497, 500, 502], "summary": {"covered_lines": 7, "num_statements": 7, "percent_covered": 100.0, "percent_covered_display": "100", "missing_lines": 0, "excluded_lines": 0}, "missing_lines": [], "excluded_lines": []}, "PatternRecognizer._analyze_price_trend": {"executed_lines": [514, 515], "summary": {"covered_lines": 2, "num_statements": 9, "percent_covered": 22.22222222222222, "percent_covered_display": "22", "missing_lines": 7, "excluded_lines": 0}, "missing_lines": [518, 519, 521, 522, 523, 524, 526], "excluded_lines": []}, "PatternRecognizer._parse_patterns_from_response": {"executed_lines": [530, 533, 534, 535, 548], "summary": {"covered_lines": 5, "num_statements": 5, "percent_covered": 100.0, "percent_covered_display": "100", "missing_lines": 0, "excluded_lines": 0}, "missing_lines": [], "excluded_lines": []}, "PatternRecognizer._calculate_signals": {"executed_lines": [556, 557, 560, 561, 567, 575, 576, 577, 578, 582, 583, 590, 591, 592, 600], "summary": {"covered_lines": 15, "num_statements": 23, "percent_covered": 65.21739130434783, "percent_covered_display": "65", "missing_lines": 8, "excluded_lines": 0}, "missing_lines": [566, 572, 579, 593, 594, 595, 597, 598], "excluded_lines": []}, "PatternRecognizer._calculate_stop_loss": {"executed_lines": [606, 609, 612, 613, 617, 622], "summary": {"covered_lines": 6, "num_statements": 10, "percent_covered": 60.0, "percent_covered_display": "60", "missing_lines": 4, "excluded_lines": 0}, "missing_lines": [607, 614, 618, 619], "excluded_lines": []}, "PatternRecognizer._calculate_take_profit": {"executed_lines": [628, 630, 633, 636, 637, 641, 642, 643, 644, 645, 649], "summary": {"covered_lines": 11, "num_statements": 13, "percent_covered": 84.61538461538461, "percent_covered_display": "85", "missing_lines": 2, "excluded_lines": 0}, "missing_lines": [631, 638], "excluded_lines": []}, "PatternRecognizer._calculate_confidence": {"executed_lines": [655, 656, 658, 659], "summary": {"covered_lines": 4, "num_statements": 4, "percent_covered": 100.0, "percent_covered_display": "100", "missing_lines": 0, "excluded_lines": 0}, "missing_lines": [], "excluded_lines": []}, "ChartReaderAgent.__init__": {"executed_lines": [672, 673, 676, 679, 680, 683], "summary": {"covered_lines": 6, "num_statements": 6, "percent_covered": 100.0, "percent_covered_display": "100", "missing_lines": 0, "excluded_lines": 0}, "missing_lines": [], "excluded_lines": []}, "ChartReaderAgent.analyze_symbol": {"executed_lines": [693, 694, 696, 697, 699, 700, 720, 723, 734, 735, 736, 751], "summary": {"covered_lines": 12, "num_statements": 17, "percent_covered": 70.58823529411765, "percent_covered_display": "71", "missing_lines": 5, "excluded_lines": 0}, "missing_lines": [701, 703, 717, 728, 732], "excluded_lines": []}, "ChartReaderAgent._get_ohlcv_data": {"executed_lines": [757, 761, 771, 772, 776], "summary": {"covered_lines": 5, "num_statements": 9, "percent_covered": 55.55555555555556, "percent_covered_display": "56", "missing_lines": 4, "excluded_lines": 0}, "missing_lines": [773, 786, 787, 788], "excluded_lines": []}, "ChartReaderAgent._calculate_indicators": {"executed_lines": [792, 794, 795, 796, 797, 800, 801, 804, 805, 810, 811, 813], "summary": {"covered_lines": 12, "num_statements": 12, "percent_covered": 100.0, "percent_covered_display": "100", "missing_lines": 0, "excluded_lines": 0}, "missing_lines": [], "excluded_lines": []}, "ChartReaderAgent.generate_trading_recommendation": {"executed_lines": [821, 823, 824, 833, 836, 841, 842, 845, 846, 853, 854, 856], "summary": {"covered_lines": 12, "num_statements": 15, "percent_covered": 80.0, "percent_covered_display": "80", "missing_lines": 3, "excluded_lines": 0}, "missing_lines": [847, 848, 850], "excluded_lines": []}, "": {"executed_lines": [1, 3, 4, 5, 6, 7, 8, 9, 12, 13, 14, 15, 17, 28, 30, 31, 32, 33, 36, 39, 40, 41, 43, 44, 45, 46, 47, 48, 49, 51, 70, 71, 72, 74, 75, 76, 77, 78, 79, 81, 85, 93, 94, 95, 97, 98, 99, 100, 101, 102, 105, 106, 107, 109, 110, 111, 112, 113, 114, 115, 116, 119, 120, 121, 123, 124, 125, 126, 127, 128, 129, 130, 131, 132, 133, 134, 137, 138, 139, 142, 145, 159, 171, 172, 175, 176, 177, 180, 181, 182, 185, 186, 189, 190, 192, 195, 266, 267, 269, 270, 298, 299, 327, 328, 382, 383, 385, 389, 442, 485, 512, 528, 550, 602, 624, 651, 662, 663, 665, 685, 753, 790, 815], "summary": {"covered_lines": 112, "num_statements": 120, "percent_covered": 93.33333333333333, "percent_covered_display": "93", "missing_lines": 8, "excluded_lines": 0}, "missing_lines": [18, 19, 21, 22, 23, 24, 25, 26], "excluded_lines": []}}, "classes": {"OHLCVData": {"executed_lines": [53, 57, 67], "summary": {"covered_lines": 3, "num_statements": 5, "percent_covered": 60.0, "percent_covered_display": "60", "missing_lines": 2, "excluded_lines": 0}, "missing_lines": [54, 55], "excluded_lines": []}, "ChartImage": {"executed_lines": [83], "summary": {"covered_lines": 1, "num_statements": 5, "percent_covered": 20.0, "percent_covered_display": "20", "missing_lines": 4, "excluded_lines": 0}, "missing_lines": [87, 88, 89, 90], "excluded_lines": []}, "TechnicalIndicator": {"executed_lines": [], "summary": {"covered_lines": 0, "num_statements": 0, "percent_covered": 100.0, "percent_covered_display": "100", "missing_lines": 0, "excluded_lines": 0}, "missing_lines": [], "excluded_lines": []}, "Pattern": {"executed_lines": [], "summary": {"covered_lines": 0, "num_statements": 0, "percent_covered": 100.0, "percent_covered_display": "100", "missing_lines": 0, "excluded_lines": 0}, "missing_lines": [], "excluded_lines": []}, "PatternAnalysis": {"executed_lines": [], "summary": {"covered_lines": 0, "num_statements": 0, "percent_covered": 100.0, "percent_covered_display": "100", "missing_lines": 0, "excluded_lines": 0}, "missing_lines": [], "excluded_lines": []}, "ChartReaderAgentConfig": {"executed_lines": [], "summary": {"covered_lines": 0, "num_statements": 0, "percent_covered": 100.0, "percent_covered_display": "100", "missing_lines": 0, "excluded_lines": 0}, "missing_lines": [], "excluded_lines": []}, "ChartRenderer": {"executed_lines": [193, 200, 206, 207, 211, 214, 215, 216, 217, 227, 230, 243, 244, 245, 246, 247, 250, 252], "summary": {"covered_lines": 18, "num_statements": 20, "percent_covered": 90.0, "percent_covered_display": "90", "missing_lines": 2, "excluded_lines": 0}, "missing_lines": [201, 208], "excluded_lines": []}, "TechnicalIndicatorCalculator": {"executed_lines": [272, 275, 276, 279, 280, 282, 283, 289, 301, 304, 305, 308, 309, 311, 313, 316, 318, 330, 333, 334, 337, 339, 340, 343, 344, 347, 350, 353, 356, 357, 359, 360, 363, 365, 366, 367, 370, 372], "summary": {"covered_lines": 38, "num_statements": 48, "percent_covered": 79.16666666666667, "percent_covered_display": "79", "missing_lines": 10, "excluded_lines": 0}, "missing_lines": [273, 284, 285, 287, 302, 312, 314, 331, 348, 368], "excluded_lines": []}, "PatternRecognizer": {"executed_lines": [386, 387, 399, 402, 405, 408, 409, 410, 416, 417, 419, 422, 425, 427, 450, 452, 480, 483, 491, 494, 495, 496, 497, 500, 502, 514, 515, 530, 533, 534, 535, 548, 556, 557, 560, 561, 567, 575, 576, 577, 578, 582, 583, 590, 591, 592, 600, 606, 609, 612, 613, 617, 622, 628, 630, 633, 636, 637, 641, 642, 643, 644, 645, 649, 655, 656, 658, 659], "summary": {"covered_lines": 68, "num_statements": 92, "percent_covered": 73.91304347826087, "percent_covered_display": "74", "missing_lines": 24, "excluded_lines": 0}, "missing_lines": [412, 413, 481, 518, 519, 521, 522, 523, 524, 526, 566, 572, 579, 593, 594, 595, 597, 598, 607, 614, 618, 619, 631, 638], "excluded_lines": []}, "ChartReaderAgent": {"executed_lines": [672, 673, 676, 679, 680, 683, 693, 694, 696, 697, 699, 700, 720, 723, 734, 735, 736, 751, 757, 761, 771, 772, 776, 792, 794, 795, 796, 797, 800, 801, 804, 805, 810, 811, 813, 821, 823, 824, 833, 836, 841, 842, 845, 846, 853, 854, 856], "summary": {"covered_lines": 47, "num_statements": 59, "percent_covered": 79.66101694915254, "percent_covered_display": "80", "missing_lines": 12, "excluded_lines": 0}, "missing_lines": [701, 703, 717, 728, 732, 773, 786, 787, 788, 847, 848, 850], "excluded_lines": []}, "": {"executed_lines": [1, 3, 4, 5, 6, 7, 8, 9, 12, 13, 14, 15, 17, 28, 30, 31, 32, 33, 36, 39, 40, 41, 43, 44, 45, 46, 47, 48, 49, 51, 70, 71, 72, 74, 75, 76, 77, 78, 79, 81, 85, 93, 94, 95, 97, 98, 99, 100, 101, 102, 105, 106, 107, 109, 110, 111, 112, 113, 114, 115, 116, 119, 120, 121, 123, 124, 125, 126, 127, 128, 129, 130, 131, 132, 133, 134, 137, 138, 139, 142, 145, 159, 171, 172, 175, 176, 177, 180, 181, 182, 185, 186, 189, 190, 192, 195, 266, 267, 269, 270, 298, 299, 327, 328, 382, 383, 385, 389, 442, 485, 512, 528, 550, 602, 624, 651, 662, 663, 665, 685, 753, 790, 815], "summary": {"covered_lines": 112, "num_statements": 120, "percent_covered": 93.33333333333333, "percent_covered_display": "93", "missing_lines": 8, "excluded_lines": 0}, "missing_lines": [18, 19, 21, 22, 23, 24, 25, 26], "excluded_lines": []}}}, "quantchain\\agents\\memecoin_vibe_trader.py": {"executed_lines": [1, 3, 4, 5, 6, 8, 10, 11, 12, 13, 16, 17, 19, 24, 25, 27, 28, 30, 40, 41, 42, 44, 45, 46, 47, 48, 49, 50, 51, 52, 55, 56, 57, 59, 60, 61, 62, 63, 64, 67, 68, 69, 71, 72, 73, 74, 75, 76, 78, 79, 80, 81, 82, 83, 84, 85, 86, 89, 90, 91, 93, 94, 95, 96, 97, 98, 99, 102, 103, 105, 108, 109, 118, 135, 136, 137, 138, 139, 141, 144, 146, 150, 153, 154, 155, 156, 157, 160, 163, 173, 183, 193, 203, 205, 207, 213, 215, 218, 221, 223, 232, 233, 234, 235, 237, 246, 247, 248, 257, 268, 269, 270, 271, 282, 283, 285, 287, 288, 291, 296, 298, 299, 300, 302, 303, 304, 306, 308, 310, 311, 313, 314, 315, 316, 317, 320, 321, 323, 324, 328, 330, 331, 337, 339, 341, 342, 344, 345, 346, 347, 348, 353, 356, 359, 362, 364, 368, 369, 373, 384, 385, 391, 393, 395, 396, 398, 401, 402, 405, 406, 409, 420, 423, 424, 426, 432, 433, 438, 443, 444, 449, 457, 463, 470, 472, 480, 481, 487, 489, 491, 492, 494, 496, 497, 498, 499, 500, 501, 503, 505, 506, 507, 508, 509, 510, 512, 514, 515, 516, 517, 518, 519, 521, 524, 526, 530, 561, 565, 567, 568, 569, 570, 572, 575, 578, 581, 584, 586, 587, 589, 590, 591, 592, 596, 597, 599, 600, 602, 603, 605, 614, 626, 630, 631, 634, 635, 636], "summary": {"covered_lines": 238, "num_statements": 258, "percent_covered": 92.24806201550388, "percent_covered_display": "92", "missing_lines": 20, "excluded_lines": 0}, "missing_lines": [21, 33, 34, 35, 37, 333, 334, 335, 387, 388, 389, 450, 454, 474, 475, 483, 484, 485, 593, 594], "excluded_lines": [], "functions": {"LLMProtocol.invoke": {"executed_lines": [], "summary": {"covered_lines": 0, "num_statements": 1, "percent_covered": 0.0, "percent_covered_display": "0", "missing_lines": 1, "excluded_lines": 0}, "missing_lines": [21], "excluded_lines": []}, "MockLLM.__init__": {"executed_lines": [28], "summary": {"covered_lines": 1, "num_statements": 1, "percent_covered": 100.0, "percent_covered_display": "100", "missing_lines": 0, "excluded_lines": 0}, "missing_lines": [], "excluded_lines": []}, "MockLLM.invoke": {"executed_lines": [], "summary": {"covered_lines": 0, "num_statements": 3, "percent_covered": 0.0, "percent_covered_display": "0", "missing_lines": 3, "excluded_lines": 0}, "missing_lines": [33, 34, 37], "excluded_lines": []}, "MockLLM.invoke.MockResponse.__init__": {"executed_lines": [], "summary": {"covered_lines": 0, "num_statements": 1, "percent_covered": 0.0, "percent_covered_display": "0", "missing_lines": 1, "excluded_lines": 0}, "missing_lines": [35], "excluded_lines": []}, "AgentState.__post_init__": {"executed_lines": [79, 80, 81, 82, 83, 84, 85, 86], "summary": {"covered_lines": 8, "num_statements": 8, "percent_covered": 100.0, "percent_covered_display": "100", "missing_lines": 0, "excluded_lines": 0}, "missing_lines": [], "excluded_lines": []}, "MemecoinVibeTrader.__init__": {"executed_lines": [135, 136, 137, 138, 139, 141, 144], "summary": {"covered_lines": 7, "num_statements": 7, "percent_covered": 100.0, "percent_covered_display": "100", "missing_lines": 0, "excluded_lines": 0}, "missing_lines": [], "excluded_lines": []}, "MemecoinVibeTrader._build_workflow": {"executed_lines": [150, 153, 154, 155, 156, 157, 160, 163, 173, 183, 193, 203, 205], "summary": {"covered_lines": 13, "num_statements": 13, "percent_covered": 100.0, "percent_covered_display": "100", "missing_lines": 0, "excluded_lines": 0}, "missing_lines": [], "excluded_lines": []}, "MemecoinVibeTrader.run_cycle": {"executed_lines": [213, 215, 218, 221, 223, 232, 233, 234, 235, 237, 246, 247, 248], "summary": {"covered_lines": 13, "num_statements": 13, "percent_covered": 100.0, "percent_covered_display": "100", "missing_lines": 0, "excluded_lines": 0}, "missing_lines": [], "excluded_lines": []}, "MemecoinVibeTrader._filter_and_convert_tokens": {"executed_lines": [268, 269, 270, 271, 282, 283], "summary": {"covered_lines": 6, "num_statements": 6, "percent_covered": 100.0, "percent_covered_display": "100", "missing_lines": 0, "excluded_lines": 0}, "missing_lines": [], "excluded_lines": []}, "MemecoinVibeTrader._scan_tokens": {"executed_lines": [287, 288, 291, 296, 298, 299, 300, 302, 303, 304, 306], "summary": {"covered_lines": 11, "num_statements": 11, "percent_covered": 100.0, "percent_covered_display": "100", "missing_lines": 0, "excluded_lines": 0}, "missing_lines": [], "excluded_lines": []}, "MemecoinVibeTrader._gather_social_data": {"executed_lines": [310, 311, 313, 314, 315, 316, 317, 320, 321, 323, 324, 328, 330, 331, 337], "summary": {"covered_lines": 15, "num_statements": 18, "percent_covered": 83.33333333333333, "percent_covered_display": "83", "missing_lines": 3, "excluded_lines": 0}, "missing_lines": [333, 334, 335], "excluded_lines": []}, "MemecoinVibeTrader._assess_vibes": {"executed_lines": [341, 342, 344, 345, 346, 347, 348, 353, 356, 359, 362, 364, 368, 369, 373, 384, 385, 391], "summary": {"covered_lines": 18, "num_statements": 21, "percent_covered": 85.71428571428571, "percent_covered_display": "86", "missing_lines": 3, "excluded_lines": 0}, "missing_lines": [387, 388, 389], "excluded_lines": []}, "MemecoinVibeTrader._execute_trades": {"executed_lines": [395, 396, 398, 401, 402, 405, 406, 409, 420, 423, 424, 426, 432, 433, 438, 443, 444, 449, 457, 463, 470, 472, 480, 481, 487], "summary": {"covered_lines": 25, "num_statements": 32, "percent_covered": 78.125, "percent_covered_display": "78", "missing_lines": 7, "excluded_lines": 0}, "missing_lines": [450, 454, 474, 475, 483, 484, 485], "excluded_lines": []}, "MemecoinVibeTrader._handle_error": {"executed_lines": [491, 492], "summary": {"covered_lines": 2, "num_statements": 2, "percent_covered": 100.0, "percent_covered_display": "100", "missing_lines": 0, "excluded_lines": 0}, "missing_lines": [], "excluded_lines": []}, "MemecoinVibeTrader._should_continue_after_scan": {"executed_lines": [496, 497, 498, 499, 500, 501], "summary": {"covered_lines": 6, "num_statements": 6, "percent_covered": 100.0, "percent_covered_display": "100", "missing_lines": 0, "excluded_lines": 0}, "missing_lines": [], "excluded_lines": []}, "MemecoinVibeTrader._should_continue_after_social": {"executed_lines": [505, 506, 507, 508, 509, 510], "summary": {"covered_lines": 6, "num_statements": 6, "percent_covered": 100.0, "percent_covered_display": "100", "missing_lines": 0, "excluded_lines": 0}, "missing_lines": [], "excluded_lines": []}, "MemecoinVibeTrader._should_continue_after_assessment": {"executed_lines": [514, 515, 516, 517, 518, 519], "summary": {"covered_lines": 6, "num_statements": 6, "percent_covered": 100.0, "percent_covered_display": "100", "missing_lines": 0, "excluded_lines": 0}, "missing_lines": [], "excluded_lines": []}, "MemecoinVibeTrader._should_continue_after_execution": {"executed_lines": [524], "summary": {"covered_lines": 1, "num_statements": 1, "percent_covered": 100.0, "percent_covered_display": "100", "missing_lines": 0, "excluded_lines": 0}, "missing_lines": [], "excluded_lines": []}, "MemecoinVibeTrader._create_assessment_prompt": {"executed_lines": [530], "summary": {"covered_lines": 1, "num_statements": 1, "percent_covered": 100.0, "percent_covered_display": "100", "missing_lines": 0, "excluded_lines": 0}, "missing_lines": [], "excluded_lines": []}, "MemecoinVibeTrader._parse_llm_response": {"executed_lines": [565, 567, 568, 569, 570, 572, 575, 578, 581, 584, 586, 587, 589, 590, 591, 592, 596, 597, 599, 600, 602, 603, 605], "summary": {"covered_lines": 23, "num_statements": 25, "percent_covered": 92.0, "percent_covered_display": "92", "missing_lines": 2, "excluded_lines": 0}, "missing_lines": [593, 594], "excluded_lines": []}, "MemecoinVibeTrader._estimate_token_price": {"executed_lines": [626, 630, 631, 634, 635, 636], "summary": {"covered_lines": 6, "num_statements": 6, "percent_covered": 100.0, "percent_covered_display": "100", "missing_lines": 0, "excluded_lines": 0}, "missing_lines": [], "excluded_lines": []}, "": {"executed_lines": [1, 3, 4, 5, 6, 8, 10, 11, 12, 13, 16, 17, 19, 24, 25, 27, 30, 40, 41, 42, 44, 45, 46, 47, 48, 49, 50, 51, 52, 55, 56, 57, 59, 60, 61, 62, 63, 64, 67, 68, 69, 71, 72, 73, 74, 75, 76, 78, 89, 90, 91, 93, 94, 95, 96, 97, 98, 99, 102, 103, 105, 108, 109, 118, 146, 207, 257, 285, 308, 339, 393, 489, 494, 503, 512, 521, 526, 561, 614], "summary": {"covered_lines": 70, "num_statements": 70, "percent_covered": 100.0, "percent_covered_display": "100", "missing_lines": 0, "excluded_lines": 0}, "missing_lines": [], "excluded_lines": []}}, "classes": {"LLMProtocol": {"executed_lines": [], "summary": {"covered_lines": 0, "num_statements": 1, "percent_covered": 0.0, "percent_covered_display": "0", "missing_lines": 1, "excluded_lines": 0}, "missing_lines": [21], "excluded_lines": []}, "MockLLM": {"executed_lines": [28], "summary": {"covered_lines": 1, "num_statements": 4, "percent_covered": 25.0, "percent_covered_display": "25", "missing_lines": 3, "excluded_lines": 0}, "missing_lines": [33, 34, 37], "excluded_lines": []}, "MockLLM.invoke.MockResponse": {"executed_lines": [], "summary": {"covered_lines": 0, "num_statements": 1, "percent_covered": 0.0, "percent_covered_display": "0", "missing_lines": 1, "excluded_lines": 0}, "missing_lines": [35], "excluded_lines": []}, "TokenPair": {"executed_lines": [], "summary": {"covered_lines": 0, "num_statements": 0, "percent_covered": 100.0, "percent_covered_display": "100", "missing_lines": 0, "excluded_lines": 0}, "missing_lines": [], "excluded_lines": []}, "VibeAssessment": {"executed_lines": [], "summary": {"covered_lines": 0, "num_statements": 0, "percent_covered": 100.0, "percent_covered_display": "100", "missing_lines": 0, "excluded_lines": 0}, "missing_lines": [], "excluded_lines": []}, "AgentState": {"executed_lines": [79, 80, 81, 82, 83, 84, 85, 86], "summary": {"covered_lines": 8, "num_statements": 8, "percent_covered": 100.0, "percent_covered_display": "100", "missing_lines": 0, "excluded_lines": 0}, "missing_lines": [], "excluded_lines": []}, "MemecoinVibeTraderConfig": {"executed_lines": [], "summary": {"covered_lines": 0, "num_statements": 0, "percent_covered": 100.0, "percent_covered_display": "100", "missing_lines": 0, "excluded_lines": 0}, "missing_lines": [], "excluded_lines": []}, "MemecoinVibeTraderError": {"executed_lines": [], "summary": {"covered_lines": 0, "num_statements": 0, "percent_covered": 100.0, "percent_covered_display": "100", "missing_lines": 0, "excluded_lines": 0}, "missing_lines": [], "excluded_lines": []}, "MemecoinVibeTrader": {"executed_lines": [135, 136, 137, 138, 139, 141, 144, 150, 153, 154, 155, 156, 157, 160, 163, 173, 183, 193, 203, 205, 213, 215, 218, 221, 223, 232, 233, 234, 235, 237, 246, 247, 248, 268, 269, 270, 271, 282, 283, 287, 288, 291, 296, 298, 299, 300, 302, 303, 304, 306, 310, 311, 313, 314, 315, 316, 317, 320, 321, 323, 324, 328, 330, 331, 337, 341, 342, 344, 345, 346, 347, 348, 353, 356, 359, 362, 364, 368, 369, 373, 384, 385, 391, 395, 396, 398, 401, 402, 405, 406, 409, 420, 423, 424, 426, 432, 433, 438, 443, 444, 449, 457, 463, 470, 472, 480, 481, 487, 491, 492, 496, 497, 498, 499, 500, 501, 505, 506, 507, 508, 509, 510, 514, 515, 516, 517, 518, 519, 524, 530, 565, 567, 568, 569, 570, 572, 575, 578, 581, 584, 586, 587, 589, 590, 591, 592, 596, 597, 599, 600, 602, 603, 605, 626, 630, 631, 634, 635, 636], "summary": {"covered_lines": 159, "num_statements": 174, "percent_covered": 91.37931034482759, "percent_covered_display": "91", "missing_lines": 15, "excluded_lines": 0}, "missing_lines": [333, 334, 335, 387, 388, 389, 450, 454, 474, 475, 483, 484, 485, 593, 594], "excluded_lines": []}, "": {"executed_lines": [1, 3, 4, 5, 6, 8, 10, 11, 12, 13, 16, 17, 19, 24, 25, 27, 30, 40, 41, 42, 44, 45, 46, 47, 48, 49, 50, 51, 52, 55, 56, 57, 59, 60, 61, 62, 63, 64, 67, 68, 69, 71, 72, 73, 74, 75, 76, 78, 89, 90, 91, 93, 94, 95, 96, 97, 98, 99, 102, 103, 105, 108, 109, 118, 146, 207, 257, 285, 308, 339, 393, 489, 494, 503, 512, 521, 526, 561, 614], "summary": {"covered_lines": 70, "num_statements": 70, "percent_covered": 100.0, "percent_covered_display": "100", "missing_lines": 0, "excluded_lines": 0}, "missing_lines": [], "excluded_lines": []}}}, "quantchain\\agents\\smart_contract_auditor.py": {"executed_lines": [1, 4, 5, 6, 7, 8, 11, 12, 13, 15, 16, 17, 18, 20, 21, 22, 23, 26, 29, 30, 31, 33, 34, 35, 36, 37, 38, 39, 40, 41, 42, 43, 44, 45, 46, 47, 50, 51, 52, 54, 55, 56, 57, 58, 59, 60, 61, 62, 65, 66, 67, 69, 70, 71, 72, 73, 74, 75, 76, 77, 78, 81, 82, 83, 85, 86, 87, 88, 89, 90, 91, 92, 93, 94, 95, 96, 97, 100, 101, 102, 104, 105, 106, 107, 108, 109, 110, 111, 112, 113, 116, 117, 118, 120, 121, 122, 123, 124, 125, 126, 127, 128, 129, 130, 131, 132, 135, 136, 137, 140, 141, 142, 145, 146, 147, 150, 151, 152, 155, 156, 159, 169, 172, 173, 176, 177, 179, 180, 182, 185, 186, 188, 189, 192, 195, 202, 204, 206, 207, 208, 210, 211, 215, 218, 225, 226, 227, 229, 230, 232, 233, 234, 237, 240, 241, 245, 246, 250, 277, 278, 282, 286, 291, 292, 301, 302, 303, 304, 305, 307, 309, 312, 314, 316, 317, 319, 322, 323, 325, 326, 328, 329, 331, 334, 335, 337, 338, 339, 341, 344, 346, 347, 361, 362, 363, 364, 367, 369, 372, 375, 378, 379, 380, 383, 385, 398, 402, 449, 453, 455, 456, 458, 460, 461, 462, 463, 465, 479, 481, 483, 486, 495, 496, 498, 500, 502, 504, 510, 512, 514, 523, 524, 525, 531, 532, 534, 538, 540, 541, 561, 563, 565, 568, 569, 570, 572, 574, 576, 577, 579, 583, 602, 604, 606, 608, 611, 612, 617, 618, 619, 640, 642, 644, 645, 648, 656, 657, 658, 659, 660, 662, 663, 665, 667, 670, 673, 676, 677, 680, 681, 682, 686, 689, 691, 695, 698, 701, 702, 703, 704, 705, 710, 713, 714, 716, 718, 723, 724, 726, 730, 731, 732, 734, 736, 740, 743, 744, 745, 747, 749, 750, 751, 753, 754, 760, 762, 766, 768, 773, 774, 775, 776, 777, 778, 779, 781, 782, 783, 786, 787, 792, 795, 796, 798, 799, 801, 807, 832, 837, 858, 859, 861, 867, 870, 873, 874, 875, 877, 882, 884, 887, 892, 893, 895, 896, 901, 906, 910, 973, 974, 975, 981, 990, 993, 994, 995, 1009, 1010, 1035, 1037, 1040, 1043, 1046, 1047, 1048, 1050, 1051, 1054, 1055, 1057, 1062, 1065, 1066, 1068, 1069, 1071, 1078, 1079, 1081, 1085], "summary": {"covered_lines": 378, "num_statements": 424, "percent_covered": 89.15094339622641, "percent_covered_display": "89", "missing_lines": 46, "excluded_lines": 0}, "missing_lines": [190, 205, 247, 248, 279, 280, 293, 294, 295, 296, 297, 298, 306, 308, 310, 520, 623, 638, 668, 674, 687, 696, 706, 707, 711, 741, 755, 756, 758, 769, 770, 788, 897, 1038, 1039, 1041, 1042, 1044, 1045, 1058, 1063, 1067, 1072, 1073, 1074, 1075], "excluded_lines": [], "functions": {"ContractRetriever.__init__": {"executed_lines": [180], "summary": {"covered_lines": 1, "num_statements": 1, "percent_covered": 100.0, "percent_covered_display": "100", "missing_lines": 0, "excluded_lines": 0}, "missing_lines": [], "excluded_lines": []}, "ContractRetriever.get_contract_source": {"executed_lines": [185, 186, 188, 189, 192, 195, 202, 204, 206, 207, 208, 210, 211, 215, 218, 225, 226, 227, 229, 230, 232, 233, 234, 237, 240, 241, 245, 246, 250, 277, 278], "summary": {"covered_lines": 31, "num_statements": 37, "percent_covered": 83.78378378378379, "percent_covered_display": "84", "missing_lines": 6, "excluded_lines": 0}, "missing_lines": [190, 205, 247, 248, 279, 280], "excluded_lines": []}, "ContractRetriever._detect_contract_type": {"executed_lines": [286, 291, 292, 301, 302, 303, 304, 305, 307, 309, 312], "summary": {"covered_lines": 11, "num_statements": 20, "percent_covered": 55.0, "percent_covered_display": "55", "missing_lines": 9, "excluded_lines": 0}, "missing_lines": [293, 294, 295, 296, 297, 298, 306, 308, 310], "excluded_lines": []}, "ContractRetriever._extract_imports": {"executed_lines": [316, 317], "summary": {"covered_lines": 2, "num_statements": 2, "percent_covered": 100.0, "percent_covered_display": "100", "missing_lines": 0, "excluded_lines": 0}, "missing_lines": [], "excluded_lines": []}, "ContractRetriever._extract_inheritance": {"executed_lines": [322, 323, 325, 326, 328, 329, 331], "summary": {"covered_lines": 7, "num_statements": 7, "percent_covered": 100.0, "percent_covered_display": "100", "missing_lines": 0, "excluded_lines": 0}, "missing_lines": [], "excluded_lines": []}, "VulnerabilityScanner.__init__": {"executed_lines": [338, 339], "summary": {"covered_lines": 2, "num_statements": 2, "percent_covered": 100.0, "percent_covered_display": "100", "missing_lines": 0, "excluded_lines": 0}, "missing_lines": [], "excluded_lines": []}, "VulnerabilityScanner.scan_vulnerabilities": {"executed_lines": [344, 346, 347, 361, 362, 363, 364, 367, 369, 372, 375, 378, 379, 380, 383, 385], "summary": {"covered_lines": 16, "num_statements": 16, "percent_covered": 100.0, "percent_covered_display": "100", "missing_lines": 0, "excluded_lines": 0}, "missing_lines": [], "excluded_lines": []}, "VulnerabilityScanner._load_vulnerability_patterns": {"executed_lines": [402], "summary": {"covered_lines": 1, "num_statements": 1, "percent_covered": 100.0, "percent_covered_display": "100", "missing_lines": 0, "excluded_lines": 0}, "missing_lines": [], "excluded_lines": []}, "VulnerabilityScanner._check_pattern": {"executed_lines": [453, 455, 456, 458, 460, 461, 462, 463, 465, 479], "summary": {"covered_lines": 10, "num_statements": 10, "percent_covered": 100.0, "percent_covered_display": "100", "missing_lines": 0, "excluded_lines": 0}, "missing_lines": [], "excluded_lines": []}, "VulnerabilityScanner._check_access_control": {"executed_lines": [483, 486, 495, 496, 498, 500, 502, 504, 510, 512, 514, 523, 524, 525, 531, 532, 534, 538, 540, 541, 561], "summary": {"covered_lines": 21, "num_statements": 22, "percent_covered": 95.45454545454545, "percent_covered_display": "95", "missing_lines": 1, "excluded_lines": 0}, "missing_lines": [520], "excluded_lines": []}, "VulnerabilityScanner._check_arithmetic_issues": {"executed_lines": [565, 568, 569, 570, 572, 574, 576, 577, 579, 583, 602], "summary": {"covered_lines": 11, "num_statements": 11, "percent_covered": 100.0, "percent_covered_display": "100", "missing_lines": 0, "excluded_lines": 0}, "missing_lines": [], "excluded_lines": []}, "VulnerabilityScanner._check_reentrancy": {"executed_lines": [606, 608, 611, 612, 617, 618, 619, 640], "summary": {"covered_lines": 8, "num_statements": 10, "percent_covered": 80.0, "percent_covered_display": "80", "missing_lines": 2, "excluded_lines": 0}, "missing_lines": [623, 638], "excluded_lines": []}, "VulnerabilityScanner._calculate_security_score": {"executed_lines": [644, 645, 648, 656, 657, 658, 659, 660, 662, 663], "summary": {"covered_lines": 10, "num_statements": 10, "percent_covered": 100.0, "percent_covered_display": "100", "missing_lines": 0, "excluded_lines": 0}, "missing_lines": [], "excluded_lines": []}, "VulnerabilityScanner._calculate_gas_efficiency_score": {"executed_lines": [667, 670, 673, 676, 677, 680, 681, 682, 686, 689], "summary": {"covered_lines": 10, "num_statements": 13, "percent_covered": 76.92307692307692, "percent_covered_display": "77", "missing_lines": 3, "excluded_lines": 0}, "missing_lines": [668, 674, 687], "excluded_lines": []}, "VulnerabilityScanner._calculate_code_quality_score": {"executed_lines": [695, 698, 701, 702, 703, 704, 705, 710, 713, 714, 716], "summary": {"covered_lines": 11, "num_statements": 15, "percent_covered": 73.33333333333333, "percent_covered_display": "73", "missing_lines": 4, "excluded_lines": 0}, "missing_lines": [696, 706, 707, 711], "excluded_lines": []}, "VulnerabilityScanner._determine_audit_status": {"executed_lines": [723, 724, 726, 730, 731, 732, 734], "summary": {"covered_lines": 7, "num_statements": 7, "percent_covered": 100.0, "percent_covered_display": "100", "missing_lines": 0, "excluded_lines": 0}, "missing_lines": [], "excluded_lines": []}, "VulnerabilityScanner._generate_summary": {"executed_lines": [740, 743, 744, 745, 747, 749, 750, 751, 753, 754, 760], "summary": {"covered_lines": 11, "num_statements": 15, "percent_covered": 73.33333333333333, "percent_covered_display": "73", "missing_lines": 4, "excluded_lines": 0}, "missing_lines": [741, 755, 756, 758], "excluded_lines": []}, "VulnerabilityScanner._generate_recommendations": {"executed_lines": [766, 768, 773, 774, 775, 776, 777, 778, 779, 781, 782, 783, 786, 787, 792], "summary": {"covered_lines": 15, "num_statements": 18, "percent_covered": 83.33333333333333, "percent_covered_display": "83", "missing_lines": 3, "excluded_lines": 0}, "missing_lines": [769, 770, 788], "excluded_lines": []}, "FinancialAnalyzer.__init__": {"executed_lines": [799], "summary": {"covered_lines": 1, "num_statements": 1, "percent_covered": 100.0, "percent_covered_display": "100", "missing_lines": 0, "excluded_lines": 0}, "missing_lines": [], "excluded_lines": []}, "FinancialAnalyzer.analyze_tokenomics": {"executed_lines": [807], "summary": {"covered_lines": 1, "num_statements": 1, "percent_covered": 100.0, "percent_covered_display": "100", "missing_lines": 0, "excluded_lines": 0}, "missing_lines": [], "excluded_lines": []}, "FinancialAnalyzer.analyze_defi_protocol": {"executed_lines": [837], "summary": {"covered_lines": 1, "num_statements": 1, "percent_covered": 100.0, "percent_covered_display": "100", "missing_lines": 0, "excluded_lines": 0}, "missing_lines": [], "excluded_lines": []}, "SmartContractAuditorAgent.__init__": {"executed_lines": [867, 870, 873, 874, 875], "summary": {"covered_lines": 5, "num_statements": 5, "percent_covered": 100.0, "percent_covered_display": "100", "missing_lines": 0, "excluded_lines": 0}, "missing_lines": [], "excluded_lines": []}, "SmartContractAuditorAgent.audit_contract": {"executed_lines": [882, 884, 887, 892, 893, 895, 896, 901, 906, 910, 973, 974, 975], "summary": {"covered_lines": 13, "num_statements": 14, "percent_covered": 92.85714285714286, "percent_covered_display": "93", "missing_lines": 1, "excluded_lines": 0}, "missing_lines": [897], "excluded_lines": []}, "SmartContractAuditorAgent._generate_investment_recommendation": {"executed_lines": [990, 993, 994, 995, 1009, 1010, 1035, 1037, 1040, 1043, 1046, 1047, 1048, 1050, 1051, 1054, 1055, 1057, 1062, 1065, 1066, 1068, 1069, 1071, 1078, 1079, 1081, 1085], "summary": {"covered_lines": 28, "num_statements": 41, "percent_covered": 68.29268292682927, "percent_covered_display": "68", "missing_lines": 13, "excluded_lines": 0}, "missing_lines": [1038, 1039, 1041, 1042, 1044, 1045, 1058, 1063, 1067, 1072, 1073, 1074, 1075], "excluded_lines": []}, "": {"executed_lines": [1, 4, 5, 6, 7, 8, 11, 12, 13, 15, 16, 17, 18, 20, 21, 22, 23, 26, 29, 30, 31, 33, 34, 35, 36, 37, 38, 39, 40, 41, 42, 43, 44, 45, 46, 47, 50, 51, 52, 54, 55, 56, 57, 58, 59, 60, 61, 62, 65, 66, 67, 69, 70, 71, 72, 73, 74, 75, 76, 77, 78, 81, 82, 83, 85, 86, 87, 88, 89, 90, 91, 92, 93, 94, 95, 96, 97, 100, 101, 102, 104, 105, 106, 107, 108, 109, 110, 111, 112, 113, 116, 117, 118, 120, 121, 122, 123, 124, 125, 126, 127, 128, 129, 130, 131, 132, 135, 136, 137, 140, 141, 142, 145, 146, 147, 150, 151, 152, 155, 156, 159, 169, 172, 173, 176, 177, 179, 182, 282, 314, 319, 334, 335, 337, 341, 398, 449, 481, 563, 604, 642, 665, 691, 718, 736, 762, 795, 796, 798, 801, 832, 858, 859, 861, 877, 981], "summary": {"covered_lines": 144, "num_statements": 144, "percent_covered": 100.0, "percent_covered_display": "100", "missing_lines": 0, "excluded_lines": 0}, "missing_lines": [], "excluded_lines": []}}, "classes": {"ContractSource": {"executed_lines": [], "summary": {"covered_lines": 0, "num_statements": 0, "percent_covered": 100.0, "percent_covered_display": "100", "missing_lines": 0, "excluded_lines": 0}, "missing_lines": [], "excluded_lines": []}, "Vulnerability": {"executed_lines": [], "summary": {"covered_lines": 0, "num_statements": 0, "percent_covered": 100.0, "percent_covered_display": "100", "missing_lines": 0, "excluded_lines": 0}, "missing_lines": [], "excluded_lines": []}, "VulnerabilityReport": {"executed_lines": [], "summary": {"covered_lines": 0, "num_statements": 0, "percent_covered": 100.0, "percent_covered_display": "100", "missing_lines": 0, "excluded_lines": 0}, "missing_lines": [], "excluded_lines": []}, "TokenomicsAnalysis": {"executed_lines": [], "summary": {"covered_lines": 0, "num_statements": 0, "percent_covered": 100.0, "percent_covered_display": "100", "missing_lines": 0, "excluded_lines": 0}, "missing_lines": [], "excluded_lines": []}, "ProtocolAnalysis": {"executed_lines": [], "summary": {"covered_lines": 0, "num_statements": 0, "percent_covered": 100.0, "percent_covered_display": "100", "missing_lines": 0, "excluded_lines": 0}, "missing_lines": [], "excluded_lines": []}, "InvestmentRecommendation": {"executed_lines": [], "summary": {"covered_lines": 0, "num_statements": 0, "percent_covered": 100.0, "percent_covered_display": "100", "missing_lines": 0, "excluded_lines": 0}, "missing_lines": [], "excluded_lines": []}, "SmartContractAuditorConfig": {"executed_lines": [], "summary": {"covered_lines": 0, "num_statements": 0, "percent_covered": 100.0, "percent_covered_display": "100", "missing_lines": 0, "excluded_lines": 0}, "missing_lines": [], "excluded_lines": []}, "ContractRetriever": {"executed_lines": [180, 185, 186, 188, 189, 192, 195, 202, 204, 206, 207, 208, 210, 211, 215, 218, 225, 226, 227, 229, 230, 232, 233, 234, 237, 240, 241, 245, 246, 250, 277, 278, 286, 291, 292, 301, 302, 303, 304, 305, 307, 309, 312, 316, 317, 322, 323, 325, 326, 328, 329, 331], "summary": {"covered_lines": 52, "num_statements": 67, "percent_covered": 77.61194029850746, "percent_covered_display": "78", "missing_lines": 15, "excluded_lines": 0}, "missing_lines": [190, 205, 247, 248, 279, 280, 293, 294, 295, 296, 297, 298, 306, 308, 310], "excluded_lines": []}, "VulnerabilityScanner": {"executed_lines": [338, 339, 344, 346, 347, 361, 362, 363, 364, 367, 369, 372, 375, 378, 379, 380, 383, 385, 402, 453, 455, 456, 458, 460, 461, 462, 463, 465, 479, 483, 486, 495, 496, 498, 500, 502, 504, 510, 512, 514, 523, 524, 525, 531, 532, 534, 538, 540, 541, 561, 565, 568, 569, 570, 572, 574, 576, 577, 579, 583, 602, 606, 608, 611, 612, 617, 618, 619, 640, 644, 645, 648, 656, 657, 658, 659, 660, 662, 663, 667, 670, 673, 676, 677, 680, 681, 682, 686, 689, 695, 698, 701, 702, 703, 704, 705, 710, 713, 714, 716, 723, 724, 726, 730, 731, 732, 734, 740, 743, 744, 745, 747, 749, 750, 751, 753, 754, 760, 766, 768, 773, 774, 775, 776, 777, 778, 779, 781, 782, 783, 786, 787, 792], "summary": {"covered_lines": 133, "num_statements": 150, "percent_covered": 88.66666666666667, "percent_covered_display": "89", "missing_lines": 17, "excluded_lines": 0}, "missing_lines": [520, 623, 638, 668, 674, 687, 696, 706, 707, 711, 741, 755, 756, 758, 769, 770, 788], "excluded_lines": []}, "FinancialAnalyzer": {"executed_lines": [799, 807, 837], "summary": {"covered_lines": 3, "num_statements": 3, "percent_covered": 100.0, "percent_covered_display": "100", "missing_lines": 0, "excluded_lines": 0}, "missing_lines": [], "excluded_lines": []}, "SmartContractAuditorAgent": {"executed_lines": [867, 870, 873, 874, 875, 882, 884, 887, 892, 893, 895, 896, 901, 906, 910, 973, 974, 975, 990, 993, 994, 995, 1009, 1010, 1035, 1037, 1040, 1043, 1046, 1047, 1048, 1050, 1051, 1054, 1055, 1057, 1062, 1065, 1066, 1068, 1069, 1071, 1078, 1079, 1081, 1085], "summary": {"covered_lines": 46, "num_statements": 60, "percent_covered": 76.66666666666667, "percent_covered_display": "77", "missing_lines": 14, "excluded_lines": 0}, "missing_lines": [897, 1038, 1039, 1041, 1042, 1044, 1045, 1058, 1063, 1067, 1072, 1073, 1074, 1075], "excluded_lines": []}, "": {"executed_lines": [1, 4, 5, 6, 7, 8, 11, 12, 13, 15, 16, 17, 18, 20, 21, 22, 23, 26, 29, 30, 31, 33, 34, 35, 36, 37, 38, 39, 40, 41, 42, 43, 44, 45, 46, 47, 50, 51, 52, 54, 55, 56, 57, 58, 59, 60, 61, 62, 65, 66, 67, 69, 70, 71, 72, 73, 74, 75, 76, 77, 78, 81, 82, 83, 85, 86, 87, 88, 89, 90, 91, 92, 93, 94, 95, 96, 97, 100, 101, 102, 104, 105, 106, 107, 108, 109, 110, 111, 112, 113, 116, 117, 118, 120, 121, 122, 123, 124, 125, 126, 127, 128, 129, 130, 131, 132, 135, 136, 137, 140, 141, 142, 145, 146, 147, 150, 151, 152, 155, 156, 159, 169, 172, 173, 176, 177, 179, 182, 282, 314, 319, 334, 335, 337, 341, 398, 449, 481, 563, 604, 642, 665, 691, 718, 736, 762, 795, 796, 798, 801, 832, 858, 859, 861, 877, 981], "summary": {"covered_lines": 144, "num_statements": 144, "percent_covered": 100.0, "percent_covered_display": "100", "missing_lines": 0, "excluded_lines": 0}, "missing_lines": [], "excluded_lines": []}}}, "quantchain\\agents\\zoo\\__init__.py": {"executed_lines": [1, 3], "summary": {"covered_lines": 1, "num_statements": 1, "percent_covered": 100.0, "percent_covered_display": "100", "missing_lines": 0, "excluded_lines": 0}, "missing_lines": [], "excluded_lines": [], "functions": {"": {"executed_lines": [1, 3], "summary": {"covered_lines": 1, "num_statements": 1, "percent_covered": 100.0, "percent_covered_display": "100", "missing_lines": 0, "excluded_lines": 0}, "missing_lines": [], "excluded_lines": []}}, "classes": {"": {"executed_lines": [1, 3], "summary": {"covered_lines": 1, "num_statements": 1, "percent_covered": 100.0, "percent_covered_display": "100", "missing_lines": 0, "excluded_lines": 0}, "missing_lines": [], "excluded_lines": []}}}, "quantchain\\backtesting\\__init__.py": {"executed_lines": [1, 3, 16, 37, 46, 66], "summary": {"covered_lines": 5, "num_statements": 5, "percent_covered": 100.0, "percent_covered_display": "100", "missing_lines": 0, "excluded_lines": 0}, "missing_lines": [], "excluded_lines": [], "functions": {"": {"executed_lines": [1, 3, 16, 37, 46, 66], "summary": {"covered_lines": 5, "num_statements": 5, "percent_covered": 100.0, "percent_covered_display": "100", "missing_lines": 0, "excluded_lines": 0}, "missing_lines": [], "excluded_lines": []}}, "classes": {"": {"executed_lines": [1, 3, 16, 37, 46, 66], "summary": {"covered_lines": 5, "num_statements": 5, "percent_covered": 100.0, "percent_covered_display": "100", "missing_lines": 0, "excluded_lines": 0}, "missing_lines": [], "excluded_lines": []}}}, "quantchain\\backtesting\\backtestingpy_engine.py": {"executed_lines": [1, 5, 6, 7, 9, 10, 15, 23, 24, 26, 29, 30, 32, 35, 37, 38, 43, 47, 56, 57, 58, 60, 61, 62, 65, 66, 68, 70, 71, 72, 73, 75, 82, 91, 99, 106, 110, 111, 116, 125, 126, 128, 130, 131, 135, 137, 139, 141, 143, 146, 148, 149, 150, 159, 162, 163, 165, 171, 172, 175, 185, 187, 189, 191, 194, 208, 216, 218, 229], "summary": {"covered_lines": 63, "num_statements": 84, "percent_covered": 75.0, "percent_covered_display": "75", "missing_lines": 21, "excluded_lines": 0}, "missing_lines": [11, 12, 13, 45, 50, 53, 76, 107, 112, 113, 129, 132, 133, 142, 144, 152, 153, 155, 156, 157, 168], "excluded_lines": [], "functions": {"StrategyAdapter.init": {"executed_lines": [], "summary": {"covered_lines": 0, "num_statements": 1, "percent_covered": 0.0, "percent_covered_display": "0", "missing_lines": 1, "excluded_lines": 0}, "missing_lines": [45], "excluded_lines": []}, "StrategyAdapter.next": {"executed_lines": [], "summary": {"covered_lines": 0, "num_statements": 1, "percent_covered": 0.0, "percent_covered_display": "0", "missing_lines": 1, "excluded_lines": 0}, "missing_lines": [50], "excluded_lines": []}, "BacktestingPyEngine.__init__": {"executed_lines": [70, 71, 72, 73, 75, 82, 91], "summary": {"covered_lines": 7, "num_statements": 8, "percent_covered": 87.5, "percent_covered_display": "88", "missing_lines": 1, "excluded_lines": 0}, "missing_lines": [76], "excluded_lines": []}, "BacktestingPyEngine.run": {"executed_lines": [106, 110, 111, 116, 125, 126, 128, 130, 131], "summary": {"covered_lines": 9, "num_statements": 15, "percent_covered": 60.0, "percent_covered_display": "60", "missing_lines": 6, "excluded_lines": 0}, "missing_lines": [107, 112, 113, 129, 132, 133], "excluded_lines": []}, "BacktestingPyEngine.get_results": {"executed_lines": [137], "summary": {"covered_lines": 1, "num_statements": 1, "percent_covered": 100.0, "percent_covered_display": "100", "missing_lines": 0, "excluded_lines": 0}, "missing_lines": [], "excluded_lines": []}, "BacktestingPyEngine.get_equity_curve": {"executed_lines": [141, 143, 146, 148, 149, 150], "summary": {"covered_lines": 6, "num_statements": 13, "percent_covered": 46.15384615384615, "percent_covered_display": "46", "missing_lines": 7, "excluded_lines": 0}, "missing_lines": [142, 144, 152, 153, 155, 156, 157], "excluded_lines": []}, "BacktestingPyEngine._convert_data_format": {"executed_lines": [162, 163, 165, 171, 172, 175, 185], "summary": {"covered_lines": 7, "num_statements": 8, "percent_covered": 87.5, "percent_covered_display": "88", "missing_lines": 1, "excluded_lines": 0}, "missing_lines": [168], "excluded_lines": []}, "BacktestingPyEngine._convert_results": {"executed_lines": [189, 191, 194, 208, 216, 218, 229], "summary": {"covered_lines": 7, "num_statements": 7, "percent_covered": 100.0, "percent_covered_display": "100", "missing_lines": 0, "excluded_lines": 0}, "missing_lines": [], "excluded_lines": []}, "": {"executed_lines": [1, 5, 6, 7, 9, 10, 15, 23, 24, 26, 29, 30, 32, 35, 37, 38, 43, 47, 56, 57, 58, 60, 61, 62, 65, 66, 68, 99, 135, 139, 159, 187], "summary": {"covered_lines": 26, "num_statements": 30, "percent_covered": 86.66666666666667, "percent_covered_display": "87", "missing_lines": 4, "excluded_lines": 0}, "missing_lines": [11, 12, 13, 53], "excluded_lines": []}}, "classes": {"BacktestingPyError": {"executed_lines": [], "summary": {"covered_lines": 0, "num_statements": 0, "percent_covered": 100.0, "percent_covered_display": "100", "missing_lines": 0, "excluded_lines": 0}, "missing_lines": [], "excluded_lines": []}, "ConversionError": {"executed_lines": [], "summary": {"covered_lines": 0, "num_statements": 0, "percent_covered": 100.0, "percent_covered_display": "100", "missing_lines": 0, "excluded_lines": 0}, "missing_lines": [], "excluded_lines": []}, "StrategyAdapter": {"executed_lines": [], "summary": {"covered_lines": 0, "num_statements": 2, "percent_covered": 0.0, "percent_covered_display": "0", "missing_lines": 2, "excluded_lines": 0}, "missing_lines": [45, 50], "excluded_lines": []}, "BacktestingPyConfig": {"executed_lines": [], "summary": {"covered_lines": 0, "num_statements": 0, "percent_covered": 100.0, "percent_covered_display": "100", "missing_lines": 0, "excluded_lines": 0}, "missing_lines": [], "excluded_lines": []}, "BacktestingPyEngine": {"executed_lines": [70, 71, 72, 73, 75, 82, 91, 106, 110, 111, 116, 125, 126, 128, 130, 131, 137, 141, 143, 146, 148, 149, 150, 162, 163, 165, 171, 172, 175, 185, 189, 191, 194, 208, 216, 218, 229], "summary": {"covered_lines": 37, "num_statements": 52, "percent_covered": 71.15384615384616, "percent_covered_display": "71", "missing_lines": 15, "excluded_lines": 0}, "missing_lines": [76, 107, 112, 113, 129, 132, 133, 142, 144, 152, 153, 155, 156, 157, 168], "excluded_lines": []}, "": {"executed_lines": [1, 5, 6, 7, 9, 10, 15, 23, 24, 26, 29, 30, 32, 35, 37, 38, 43, 47, 56, 57, 58, 60, 61, 62, 65, 66, 68, 99, 135, 139, 159, 187], "summary": {"covered_lines": 26, "num_statements": 30, "percent_covered": 86.66666666666667, "percent_covered_display": "87", "missing_lines": 4, "excluded_lines": 0}, "missing_lines": [11, 12, 13, 53], "excluded_lines": []}}}, "quantchain\\backtesting\\engine.py": {"executed_lines": [1, 5, 6, 7, 8, 9, 12, 13, 15, 16, 22, 23, 27, 28, 33, 34, 35, 37, 38, 39, 40, 41, 42, 43, 44, 45, 46, 48, 50, 54, 55, 58, 59, 62, 63, 64, 67, 68, 69, 72, 73, 74, 77, 78, 81, 82, 83, 85, 86, 87, 88, 89, 90, 91, 92, 93, 94, 95, 96, 97, 98, 99, 100, 101, 102, 103, 104, 105, 106, 107, 108, 109, 110, 111, 112, 113, 114, 115, 116, 118, 120, 124, 125, 126, 128, 129, 130, 131, 132, 133, 135, 137, 138, 139, 140, 141, 143, 145, 149, 150, 152, 155, 156, 158, 161, 162, 164, 167, 212, 237], "summary": {"covered_lines": 102, "num_statements": 147, "percent_covered": 69.38775510204081, "percent_covered_display": "69", "missing_lines": 45, "excluded_lines": 0}, "missing_lines": [20, 25, 30, 51, 121, 142, 144, 146, 177, 178, 180, 181, 182, 185, 189, 191, 192, 195, 196, 198, 199, 201, 202, 205, 206, 208, 209, 226, 228, 229, 231, 232, 234, 250, 251, 253, 254, 257, 258, 259, 260, 261, 263, 265, 267], "excluded_lines": [], "functions": {"BacktestEngine.run": {"executed_lines": [], "summary": {"covered_lines": 0, "num_statements": 1, "percent_covered": 0.0, "percent_covered_display": "0", "missing_lines": 1, "excluded_lines": 0}, "missing_lines": [20], "excluded_lines": []}, "BacktestEngine.get_results": {"executed_lines": [], "summary": {"covered_lines": 0, "num_statements": 1, "percent_covered": 0.0, "percent_covered_display": "0", "missing_lines": 1, "excluded_lines": 0}, "missing_lines": [25], "excluded_lines": []}, "BacktestEngine.get_equity_curve": {"executed_lines": [], "summary": {"covered_lines": 0, "num_statements": 1, "percent_covered": 0.0, "percent_covered_display": "0", "missing_lines": 1, "excluded_lines": 0}, "missing_lines": [30], "excluded_lines": []}, "BacktestConfig.__post_init__": {"executed_lines": [50, 54, 55, 58, 59, 62, 63, 64, 67, 68, 69, 72, 73, 74, 77, 78], "summary": {"covered_lines": 16, "num_statements": 17, "percent_covered": 94.11764705882354, "percent_covered_display": "94", "missing_lines": 1, "excluded_lines": 0}, "missing_lines": [51], "excluded_lines": []}, "MetricsResult.__post_init__": {"executed_lines": [120], "summary": {"covered_lines": 1, "num_statements": 2, "percent_covered": 50.0, "percent_covered_display": "50", "missing_lines": 1, "excluded_lines": 0}, "missing_lines": [121], "excluded_lines": []}, "BacktestResult.__post_init__": {"executed_lines": [137, 138, 139, 140, 141, 143, 145], "summary": {"covered_lines": 7, "num_statements": 10, "percent_covered": 70.0, "percent_covered_display": "70", "missing_lines": 3, "excluded_lines": 0}, "missing_lines": [142, 144, 146], "excluded_lines": []}, "validate_ohlcv_data": {"executed_lines": [], "summary": {"covered_lines": 0, "num_statements": 19, "percent_covered": 0.0, "percent_covered_display": "0", "missing_lines": 19, "excluded_lines": 0}, "missing_lines": [177, 178, 180, 181, 182, 185, 189, 191, 192, 195, 196, 198, 199, 201, 202, 205, 206, 208, 209], "excluded_lines": []}, "filter_data_by_date_range": {"executed_lines": [], "summary": {"covered_lines": 0, "num_statements": 6, "percent_covered": 0.0, "percent_covered_display": "0", "missing_lines": 6, "excluded_lines": 0}, "missing_lines": [226, 228, 229, 231, 232, 234], "excluded_lines": []}, "calculate_basic_statistics": {"executed_lines": [], "summary": {"covered_lines": 0, "num_statements": 12, "percent_covered": 0.0, "percent_covered_display": "0", "missing_lines": 12, "excluded_lines": 0}, "missing_lines": [250, 251, 253, 254, 257, 258, 259, 260, 261, 263, 265, 267], "excluded_lines": []}, "": {"executed_lines": [1, 5, 6, 7, 8, 9, 12, 13, 15, 16, 22, 23, 27, 28, 33, 34, 35, 37, 38, 39, 40, 41, 42, 43, 44, 45, 46, 48, 81, 82, 83, 85, 86, 87, 88, 89, 90, 91, 92, 93, 94, 95, 96, 97, 98, 99, 100, 101, 102, 103, 104, 105, 106, 107, 108, 109, 110, 111, 112, 113, 114, 115, 116, 118, 124, 125, 126, 128, 129, 130, 131, 132, 133, 135, 149, 150, 152, 155, 156, 158, 161, 162, 164, 167, 212, 237], "summary": {"covered_lines": 78, "num_statements": 78, "percent_covered": 100.0, "percent_covered_display": "100", "missing_lines": 0, "excluded_lines": 0}, "missing_lines": [], "excluded_lines": []}}, "classes": {"BacktestEngine": {"executed_lines": [], "summary": {"covered_lines": 0, "num_statements": 3, "percent_covered": 0.0, "percent_covered_display": "0", "missing_lines": 3, "excluded_lines": 0}, "missing_lines": [20, 25, 30], "excluded_lines": []}, "BacktestConfig": {"executed_lines": [50, 54, 55, 58, 59, 62, 63, 64, 67, 68, 69, 72, 73, 74, 77, 78], "summary": {"covered_lines": 16, "num_statements": 17, "percent_covered": 94.11764705882354, "percent_covered_display": "94", "missing_lines": 1, "excluded_lines": 0}, "missing_lines": [51], "excluded_lines": []}, "MetricsResult": {"executed_lines": [120], "summary": {"covered_lines": 1, "num_statements": 2, "percent_covered": 50.0, "percent_covered_display": "50", "missing_lines": 1, "excluded_lines": 0}, "missing_lines": [121], "excluded_lines": []}, "BacktestResult": {"executed_lines": [137, 138, 139, 140, 141, 143, 145], "summary": {"covered_lines": 7, "num_statements": 10, "percent_covered": 70.0, "percent_covered_display": "70", "missing_lines": 3, "excluded_lines": 0}, "missing_lines": [142, 144, 146], "excluded_lines": []}, "ConfigurationError": {"executed_lines": [], "summary": {"covered_lines": 0, "num_statements": 0, "percent_covered": 100.0, "percent_covered_display": "100", "missing_lines": 0, "excluded_lines": 0}, "missing_lines": [], "excluded_lines": []}, "DataValidationError": {"executed_lines": [], "summary": {"covered_lines": 0, "num_statements": 0, "percent_covered": 100.0, "percent_covered_display": "100", "missing_lines": 0, "excluded_lines": 0}, "missing_lines": [], "excluded_lines": []}, "BacktestExecutionError": {"executed_lines": [], "summary": {"covered_lines": 0, "num_statements": 0, "percent_covered": 100.0, "percent_covered_display": "100", "missing_lines": 0, "excluded_lines": 0}, "missing_lines": [], "excluded_lines": []}, "": {"executed_lines": [1, 5, 6, 7, 8, 9, 12, 13, 15, 16, 22, 23, 27, 28, 33, 34, 35, 37, 38, 39, 40, 41, 42, 43, 44, 45, 46, 48, 81, 82, 83, 85, 86, 87, 88, 89, 90, 91, 92, 93, 94, 95, 96, 97, 98, 99, 100, 101, 102, 103, 104, 105, 106, 107, 108, 109, 110, 111, 112, 113, 114, 115, 116, 118, 124, 125, 126, 128, 129, 130, 131, 132, 133, 135, 149, 150, 152, 155, 156, 158, 161, 162, 164, 167, 212, 237], "summary": {"covered_lines": 78, "num_statements": 115, "percent_covered": 67.82608695652173, "percent_covered_display": "68", "missing_lines": 37, "excluded_lines": 0}, "missing_lines": [177, 178, 180, 181, 182, 185, 189, 191, 192, 195, 196, 198, 199, 201, 202, 205, 206, 208, 209, 226, 228, 229, 231, 232, 234, 250, 251, 253, 254, 257, 258, 259, 260, 261, 263, 265, 267], "excluded_lines": []}}}, "quantchain\\backtesting\\langgraph_adapter.py": {"executed_lines": [1, 5, 6, 7, 8, 9, 10, 11, 15, 16, 18, 21, 22, 24, 27, 28, 30, 33, 34, 36, 39, 40, 42, 45, 46, 48, 51, 52, 54, 57, 58, 60, 63, 64, 65, 67, 68, 69, 70, 71, 72, 73, 74, 75, 76, 77, 80, 81, 82, 85, 86, 89, 90, 91, 94, 95, 96, 99, 100, 101, 104, 105, 108, 111, 112, 115, 116, 118, 120, 121, 122, 123, 125, 137, 138, 140, 141, 142, 143, 145, 148, 149, 151, 152, 154, 157, 167, 177, 181, 183, 185, 187, 189, 192, 193, 195, 202, 203, 205, 217, 222, 223, 224, 227, 229, 237, 239, 249, 250, 251, 255, 265, 266, 267, 272, 273, 275, 283, 284, 285, 286, 287, 288, 291, 292, 294, 296, 308, 310, 317, 320, 321, 323, 325, 332, 334, 336, 337, 339, 343, 344, 346, 358, 359, 360, 362, 363, 365, 367, 369, 379, 380, 381, 383, 385, 399, 400, 401, 404, 405, 409, 411, 412, 414, 416, 419, 424, 426, 428, 433, 440, 443, 447, 452, 489, 492, 503, 522, 524, 530, 536, 537, 538, 540, 546, 552, 553, 557, 559, 560, 563, 564, 569, 579, 580, 581, 582, 583, 587, 590, 591, 592, 595, 598, 601, 602, 604, 606, 607, 608, 609, 611, 619, 620, 621, 623, 627, 628, 630, 633, 640, 641, 642, 649, 651, 653, 655, 658, 672, 675, 676, 677, 680, 681, 684, 685, 686, 687, 688, 690, 692, 695, 708, 711, 712, 716, 717, 720, 721, 723, 724, 725, 726, 727, 731, 734, 745, 761], "summary": {"covered_lines": 243, "num_statements": 320, "percent_covered": 75.9375, "percent_covered_display": "76", "missing_lines": 77, "excluded_lines": 0}, "missing_lines": [252, 253, 268, 269, 340, 429, 457, 463, 465, 468, 471, 555, 624, 645, 647, 729, 768, 769, 772, 775, 776, 777, 778, 779, 780, 781, 783, 784, 785, 787, 788, 790, 792, 793, 795, 797, 798, 799, 801, 802, 803, 804, 805, 806, 807, 808, 810, 811, 812, 814, 815, 817, 818, 823, 826, 827, 828, 829, 830, 832, 834, 835, 836, 843, 846, 847, 848, 849, 850, 852, 853, 854, 855, 856, 858, 860, 862], "excluded_lines": [], "functions": {"PositionManager.__init__": {"executed_lines": [120, 121, 122, 123], "summary": {"covered_lines": 4, "num_statements": 4, "percent_covered": 100.0, "percent_covered_display": "100", "missing_lines": 0, "excluded_lines": 0}, "missing_lines": [], "excluded_lines": []}, "PositionManager.update_position": {"executed_lines": [137, 138, 140, 141, 142, 143, 145, 148, 149, 151, 152, 154, 157], "summary": {"covered_lines": 13, "num_statements": 13, "percent_covered": 100.0, "percent_covered_display": "100", "missing_lines": 0, "excluded_lines": 0}, "missing_lines": [], "excluded_lines": []}, "PositionManager.calculate_equity": {"executed_lines": [177, 181], "summary": {"covered_lines": 2, "num_statements": 2, "percent_covered": 100.0, "percent_covered_display": "100", "missing_lines": 0, "excluded_lines": 0}, "missing_lines": [], "excluded_lines": []}, "PositionManager.get_positions": {"executed_lines": [185], "summary": {"covered_lines": 1, "num_statements": 1, "percent_covered": 100.0, "percent_covered_display": "100", "missing_lines": 0, "excluded_lines": 0}, "missing_lines": [], "excluded_lines": []}, "PositionManager.get_cash": {"executed_lines": [189], "summary": {"covered_lines": 1, "num_statements": 1, "percent_covered": 100.0, "percent_covered_display": "100", "missing_lines": 0, "excluded_lines": 0}, "missing_lines": [], "excluded_lines": []}, "DeterministicLLMWrapper.__init__": {"executed_lines": [202, 203], "summary": {"covered_lines": 2, "num_statements": 2, "percent_covered": 100.0, "percent_covered_display": "100", "missing_lines": 0, "excluded_lines": 0}, "missing_lines": [], "excluded_lines": []}, "DeterministicLLMWrapper.__call__": {"executed_lines": [217, 222, 223, 224, 227], "summary": {"covered_lines": 5, "num_statements": 5, "percent_covered": 100.0, "percent_covered_display": "100", "missing_lines": 0, "excluded_lines": 0}, "missing_lines": [], "excluded_lines": []}, "DeterministicLLMWrapper.add_rule": {"executed_lines": [237], "summary": {"covered_lines": 1, "num_statements": 1, "percent_covered": 100.0, "percent_covered_display": "100", "missing_lines": 0, "excluded_lines": 0}, "missing_lines": [], "excluded_lines": []}, "DeterministicLLMWrapper.load_scenario": {"executed_lines": [249, 250, 251], "summary": {"covered_lines": 3, "num_statements": 5, "percent_covered": 60.0, "percent_covered_display": "60", "missing_lines": 2, "excluded_lines": 0}, "missing_lines": [252, 253], "excluded_lines": []}, "DeterministicLLMWrapper.save_scenario": {"executed_lines": [265, 266, 267], "summary": {"covered_lines": 3, "num_statements": 5, "percent_covered": 60.0, "percent_covered_display": "60", "missing_lines": 2, "excluded_lines": 0}, "missing_lines": [268, 269], "excluded_lines": []}, "LangGraphBacktestAdapter.__init__": {"executed_lines": [283, 284, 285, 286, 287, 288, 291, 292, 294], "summary": {"covered_lines": 9, "num_statements": 9, "percent_covered": 100.0, "percent_covered_display": "100", "missing_lines": 0, "excluded_lines": 0}, "missing_lines": [], "excluded_lines": []}, "LangGraphBacktestAdapter.create_strategy": {"executed_lines": [308], "summary": {"covered_lines": 1, "num_statements": 1, "percent_covered": 100.0, "percent_covered_display": "100", "missing_lines": 0, "excluded_lines": 0}, "missing_lines": [], "excluded_lines": []}, "LangGraphBacktestAdapter.set_deterministic_llm": {"executed_lines": [317, 320, 321, 323], "summary": {"covered_lines": 4, "num_statements": 4, "percent_covered": 100.0, "percent_covered_display": "100", "missing_lines": 0, "excluded_lines": 0}, "missing_lines": [], "excluded_lines": []}, "LangGraphBacktestAdapter.get_reasoning_log": {"executed_lines": [332], "summary": {"covered_lines": 1, "num_statements": 1, "percent_covered": 100.0, "percent_covered_display": "100", "missing_lines": 0, "excluded_lines": 0}, "missing_lines": [], "excluded_lines": []}, "LangGraphBacktestAdapter.reset_state": {"executed_lines": [336, 337, 339], "summary": {"covered_lines": 3, "num_statements": 4, "percent_covered": 75.0, "percent_covered_display": "75", "missing_lines": 1, "excluded_lines": 0}, "missing_lines": [340], "excluded_lines": []}, "AgentStrategy.__init__": {"executed_lines": [358, 359, 360, 362, 363, 365, 367], "summary": {"covered_lines": 7, "num_statements": 7, "percent_covered": 100.0, "percent_covered_display": "100", "missing_lines": 0, "excluded_lines": 0}, "missing_lines": [], "excluded_lines": []}, "AgentStrategy.init": {"executed_lines": [379, 380, 381, 383], "summary": {"covered_lines": 4, "num_statements": 4, "percent_covered": 100.0, "percent_covered_display": "100", "missing_lines": 0, "excluded_lines": 0}, "missing_lines": [], "excluded_lines": []}, "AgentStrategy.next": {"executed_lines": [399, 400, 401, 404, 405, 409, 411, 412, 414, 416, 419, 424, 426, 428, 433, 440, 443, 447, 452, 489, 492, 503, 522, 524, 530, 536, 537, 538, 540, 546, 552, 553, 557, 559, 560, 563, 564, 569, 579, 580, 581, 582, 583, 587, 590, 591, 592, 595, 598, 601, 602, 604, 606, 607, 608, 609], "summary": {"covered_lines": 56, "num_statements": 63, "percent_covered": 88.88888888888889, "percent_covered_display": "89", "missing_lines": 7, "excluded_lines": 0}, "missing_lines": [429, 457, 463, 465, 468, 471, 555], "excluded_lines": []}, "AgentStrategy._execute_trade": {"executed_lines": [619, 620, 621, 623, 627, 628, 630, 633, 640, 641, 642], "summary": {"covered_lines": 11, "num_statements": 14, "percent_covered": 78.57142857142857, "percent_covered_display": "79", "missing_lines": 3, "excluded_lines": 0}, "missing_lines": [624, 645, 647], "excluded_lines": []}, "AgentStrategy.get_current_positions": {"executed_lines": [651], "summary": {"covered_lines": 1, "num_statements": 1, "percent_covered": 100.0, "percent_covered_display": "100", "missing_lines": 0, "excluded_lines": 0}, "missing_lines": [], "excluded_lines": []}, "AgentStrategy.get_current_cash": {"executed_lines": [655], "summary": {"covered_lines": 1, "num_statements": 1, "percent_covered": 100.0, "percent_covered_display": "100", "missing_lines": 0, "excluded_lines": 0}, "missing_lines": [], "excluded_lines": []}, "bar_to_agent_state": {"executed_lines": [672, 675, 676, 677, 680, 681, 684, 685, 686, 687, 688, 690, 692], "summary": {"covered_lines": 13, "num_statements": 13, "percent_covered": 100.0, "percent_covered_display": "100", "missing_lines": 0, "excluded_lines": 0}, "missing_lines": [], "excluded_lines": []}, "agent_state_to_signal": {"executed_lines": [708, 711, 712, 716, 717, 720, 721, 723, 724, 725, 726, 727, 731], "summary": {"covered_lines": 13, "num_statements": 14, "percent_covered": 92.85714285714286, "percent_covered_display": "93", "missing_lines": 1, "excluded_lines": 0}, "missing_lines": [729], "excluded_lines": []}, "capture_reasoning": {"executed_lines": [745], "summary": {"covered_lines": 1, "num_statements": 1, "percent_covered": 100.0, "percent_covered_display": "100", "missing_lines": 0, "excluded_lines": 0}, "missing_lines": [], "excluded_lines": []}, "create_standard_trading_agent": {"executed_lines": [], "summary": {"covered_lines": 0, "num_statements": 21, "percent_covered": 0.0, "percent_covered_display": "0", "missing_lines": 21, "excluded_lines": 0}, "missing_lines": [768, 769, 772, 775, 783, 795, 817, 834, 846, 847, 848, 849, 850, 852, 853, 854, 855, 856, 858, 860, 862], "excluded_lines": []}, "create_standard_trading_agent.observe_market": {"executed_lines": [], "summary": {"covered_lines": 0, "num_statements": 6, "percent_covered": 0.0, "percent_covered_display": "0", "missing_lines": 6, "excluded_lines": 0}, "missing_lines": [776, 777, 778, 779, 780, 781], "excluded_lines": []}, "create_standard_trading_agent.analyze_data": {"executed_lines": [], "summary": {"covered_lines": 0, "num_statements": 7, "percent_covered": 0.0, "percent_covered_display": "0", "missing_lines": 7, "excluded_lines": 0}, "missing_lines": [784, 785, 787, 788, 790, 792, 793], "excluded_lines": []}, "create_standard_trading_agent.make_decision": {"executed_lines": [], "summary": {"covered_lines": 0, "num_statements": 16, "percent_covered": 0.0, "percent_covered_display": "0", "missing_lines": 16, "excluded_lines": 0}, "missing_lines": [797, 798, 799, 801, 802, 803, 804, 805, 806, 807, 808, 810, 811, 812, 814, 815], "excluded_lines": []}, "create_standard_trading_agent.assess_risk": {"executed_lines": [], "summary": {"covered_lines": 0, "num_statements": 8, "percent_covered": 0.0, "percent_covered_display": "0", "missing_lines": 8, "excluded_lines": 0}, "missing_lines": [818, 823, 826, 827, 828, 829, 830, 832], "excluded_lines": []}, "create_standard_trading_agent.execute_trade": {"executed_lines": [], "summary": {"covered_lines": 0, "num_statements": 3, "percent_covered": 0.0, "percent_covered_display": "0", "missing_lines": 3, "excluded_lines": 0}, "missing_lines": [835, 836, 843], "excluded_lines": []}, "": {"executed_lines": [1, 5, 6, 7, 8, 9, 10, 11, 15, 16, 18, 21, 22, 24, 27, 28, 30, 33, 34, 36, 39, 40, 42, 45, 46, 48, 51, 52, 54, 57, 58, 60, 63, 64, 65, 67, 68, 69, 70, 71, 72, 73, 74, 75, 76, 77, 80, 81, 82, 85, 86, 89, 90, 91, 94, 95, 96, 99, 100, 101, 104, 105, 108, 111, 112, 115, 116, 118, 125, 167, 183, 187, 192, 193, 195, 205, 229, 239, 255, 272, 273, 275, 296, 310, 325, 334, 343, 344, 346, 369, 385, 611, 649, 653, 658, 695, 734, 761], "summary": {"covered_lines": 83, "num_statements": 83, "percent_covered": 100.0, "percent_covered_display": "100", "missing_lines": 0, "excluded_lines": 0}, "missing_lines": [], "excluded_lines": []}}, "classes": {"AgentExecutionError": {"executed_lines": [], "summary": {"covered_lines": 0, "num_statements": 0, "percent_covered": 100.0, "percent_covered_display": "100", "missing_lines": 0, "excluded_lines": 0}, "missing_lines": [], "excluded_lines": []}, "TimeoutError": {"executed_lines": [], "summary": {"covered_lines": 0, "num_statements": 0, "percent_covered": 100.0, "percent_covered_display": "100", "missing_lines": 0, "excluded_lines": 0}, "missing_lines": [], "excluded_lines": []}, "StateValidationError": {"executed_lines": [], "summary": {"covered_lines": 0, "num_statements": 0, "percent_covered": 100.0, "percent_covered_display": "100", "missing_lines": 0, "excluded_lines": 0}, "missing_lines": [], "excluded_lines": []}, "SignalConversionError": {"executed_lines": [], "summary": {"covered_lines": 0, "num_statements": 0, "percent_covered": 100.0, "percent_covered_display": "100", "missing_lines": 0, "excluded_lines": 0}, "missing_lines": [], "excluded_lines": []}, "PositionError": {"executed_lines": [], "summary": {"covered_lines": 0, "num_statements": 0, "percent_covered": 100.0, "percent_covered_display": "100", "missing_lines": 0, "excluded_lines": 0}, "missing_lines": [], "excluded_lines": []}, "DeterministicRuleError": {"executed_lines": [], "summary": {"covered_lines": 0, "num_statements": 0, "percent_covered": 100.0, "percent_covered_display": "100", "missing_lines": 0, "excluded_lines": 0}, "missing_lines": [], "excluded_lines": []}, "ScenarioLoadError": {"executed_lines": [], "summary": {"covered_lines": 0, "num_statements": 0, "percent_covered": 100.0, "percent_covered_display": "100", "missing_lines": 0, "excluded_lines": 0}, "missing_lines": [], "excluded_lines": []}, "ReproducibilityError": {"executed_lines": [], "summary": {"covered_lines": 0, "num_statements": 0, "percent_covered": 100.0, "percent_covered_display": "100", "missing_lines": 0, "excluded_lines": 0}, "missing_lines": [], "excluded_lines": []}, "ReasoningEntry": {"executed_lines": [], "summary": {"covered_lines": 0, "num_statements": 0, "percent_covered": 100.0, "percent_covered_display": "100", "missing_lines": 0, "excluded_lines": 0}, "missing_lines": [], "excluded_lines": []}, "AgentState": {"executed_lines": [], "summary": {"covered_lines": 0, "num_statements": 0, "percent_covered": 100.0, "percent_covered_display": "100", "missing_lines": 0, "excluded_lines": 0}, "missing_lines": [], "excluded_lines": []}, "PositionManager": {"executed_lines": [120, 121, 122, 123, 137, 138, 140, 141, 142, 143, 145, 148, 149, 151, 152, 154, 157, 177, 181, 185, 189], "summary": {"covered_lines": 21, "num_statements": 21, "percent_covered": 100.0, "percent_covered_display": "100", "missing_lines": 0, "excluded_lines": 0}, "missing_lines": [], "excluded_lines": []}, "DeterministicLLMWrapper": {"executed_lines": [202, 203, 217, 222, 223, 224, 227, 237, 249, 250, 251, 265, 266, 267], "summary": {"covered_lines": 14, "num_statements": 18, "percent_covered": 77.77777777777777, "percent_covered_display": "78", "missing_lines": 4, "excluded_lines": 0}, "missing_lines": [252, 253, 268, 269], "excluded_lines": []}, "LangGraphBacktestAdapter": {"executed_lines": [283, 284, 285, 286, 287, 288, 291, 292, 294, 308, 317, 320, 321, 323, 332, 336, 337, 339], "summary": {"covered_lines": 18, "num_statements": 19, "percent_covered": 94.73684210526316, "percent_covered_display": "95", "missing_lines": 1, "excluded_lines": 0}, "missing_lines": [340], "excluded_lines": []}, "AgentStrategy": {"executed_lines": [358, 359, 360, 362, 363, 365, 367, 379, 380, 381, 383, 399, 400, 401, 404, 405, 409, 411, 412, 414, 416, 419, 424, 426, 428, 433, 440, 443, 447, 452, 489, 492, 503, 522, 524, 530, 536, 537, 538, 540, 546, 552, 553, 557, 559, 560, 563, 564, 569, 579, 580, 581, 582, 583, 587, 590, 591, 592, 595, 598, 601, 602, 604, 606, 607, 608, 609, 619, 620, 621, 623, 627, 628, 630, 633, 640, 641, 642, 651, 655], "summary": {"covered_lines": 80, "num_statements": 90, "percent_covered": 88.88888888888889, "percent_covered_display": "89", "missing_lines": 10, "excluded_lines": 0}, "missing_lines": [429, 457, 463, 465, 468, 471, 555, 624, 645, 647], "excluded_lines": []}, "": {"executed_lines": [1, 5, 6, 7, 8, 9, 10, 11, 15, 16, 18, 21, 22, 24, 27, 28, 30, 33, 34, 36, 39, 40, 42, 45, 46, 48, 51, 52, 54, 57, 58, 60, 63, 64, 65, 67, 68, 69, 70, 71, 72, 73, 74, 75, 76, 77, 80, 81, 82, 85, 86, 89, 90, 91, 94, 95, 96, 99, 100, 101, 104, 105, 108, 111, 112, 115, 116, 118, 125, 167, 183, 187, 192, 193, 195, 205, 229, 239, 255, 272, 273, 275, 296, 310, 325, 334, 343, 344, 346, 369, 385, 611, 649, 653, 658, 672, 675, 676, 677, 680, 681, 684, 685, 686, 687, 688, 690, 692, 695, 708, 711, 712, 716, 717, 720, 721, 723, 724, 725, 726, 727, 731, 734, 745, 761], "summary": {"covered_lines": 110, "num_statements": 172, "percent_covered": 63.95348837209303, "percent_covered_display": "64", "missing_lines": 62, "excluded_lines": 0}, "missing_lines": [729, 768, 769, 772, 775, 776, 777, 778, 779, 780, 781, 783, 784, 785, 787, 788, 790, 792, 793, 795, 797, 798, 799, 801, 802, 803, 804, 805, 806, 807, 808, 810, 811, 812, 814, 815, 817, 818, 823, 826, 827, 828, 829, 830, 832, 834, 835, 836, 843, 846, 847, 848, 849, 850, 852, 853, 854, 855, 856, 858, 860, 862], "excluded_lines": []}}}, "quantchain\\backtesting\\market_friction.py": {"executed_lines": [1, 6, 7, 8, 9, 10, 14, 15, 17, 20, 21, 23, 26, 27, 29, 33, 34, 35, 37, 39, 46, 47, 48, 50, 51, 52, 53, 55, 57, 59, 61, 64, 68, 71, 72, 75, 76, 77, 79, 80, 81, 82, 84, 86, 87, 88, 90, 93, 97, 100, 101, 104, 105, 106, 108, 109, 110, 111, 113, 115, 116, 123, 126, 134, 137, 145, 149, 150, 151, 153, 155, 166, 167, 168, 170, 171, 173, 175, 176, 178, 186, 188, 189, 190, 193, 194, 197, 198, 199, 201, 202, 203, 204, 206, 208, 210, 212, 215, 223, 225, 227, 230, 233, 235, 238, 239, 240, 242, 243, 244, 246, 248, 250, 253, 261, 263, 265, 268, 269, 274, 276, 277, 281, 282, 283, 285, 287, 292, 293, 294, 296, 297, 299, 301, 302, 304, 306, 309, 310, 311, 313, 314, 315, 317, 319, 321, 324, 326, 327, 330, 331, 332, 334, 335, 336, 337, 338, 340, 342, 344, 346, 349, 351, 354, 358, 359, 360, 362, 363, 364, 365, 367, 369, 373, 374, 376, 378, 380, 382, 386, 388, 389, 390, 392, 394, 398, 400, 403, 404, 406, 415, 417, 420, 421, 423, 427, 430, 431, 433, 437, 439, 441, 445, 448, 451, 452, 454, 456, 465, 466, 468, 472, 476], "summary": {"covered_lines": 194, "num_statements": 236, "percent_covered": 82.20338983050847, "percent_covered_display": "82", "missing_lines": 42, "excluded_lines": 0}, "missing_lines": [43, 58, 60, 62, 69, 89, 91, 98, 124, 135, 163, 187, 191, 209, 211, 213, 224, 226, 228, 249, 251, 262, 264, 266, 289, 320, 322, 343, 345, 347, 379, 399, 401, 416, 418, 428, 438, 440, 442, 470, 474, 478], "excluded_lines": [], "functions": {"CommissionModel.calculate": {"executed_lines": [], "summary": {"covered_lines": 0, "num_statements": 1, "percent_covered": 0.0, "percent_covered_display": "0", "missing_lines": 1, "excluded_lines": 0}, "missing_lines": [43], "excluded_lines": []}, "FlatCommission.__post_init__": {"executed_lines": [57, 59, 61], "summary": {"covered_lines": 3, "num_statements": 6, "percent_covered": 50.0, "percent_covered_display": "50", "missing_lines": 3, "excluded_lines": 0}, "missing_lines": [58, 60, 62], "excluded_lines": []}, "FlatCommission.calculate": {"executed_lines": [68, 71, 72], "summary": {"covered_lines": 3, "num_statements": 4, "percent_covered": 75.0, "percent_covered_display": "75", "missing_lines": 1, "excluded_lines": 0}, "missing_lines": [69], "excluded_lines": []}, "PercentageCommission.__post_init__": {"executed_lines": [86, 87, 88, 90], "summary": {"covered_lines": 4, "num_statements": 6, "percent_covered": 66.66666666666667, "percent_covered_display": "67", "missing_lines": 2, "excluded_lines": 0}, "missing_lines": [89, 91], "excluded_lines": []}, "PercentageCommission.calculate": {"executed_lines": [97, 100, 101], "summary": {"covered_lines": 3, "num_statements": 4, "percent_covered": 75.0, "percent_covered_display": "75", "missing_lines": 1, "excluded_lines": 0}, "missing_lines": [98], "excluded_lines": []}, "TieredCommission.__post_init__": {"executed_lines": [115, 116, 123], "summary": {"covered_lines": 3, "num_statements": 4, "percent_covered": 75.0, "percent_covered_display": "75", "missing_lines": 1, "excluded_lines": 0}, "missing_lines": [124], "excluded_lines": []}, "TieredCommission.calculate": {"executed_lines": [134, 137, 145], "summary": {"covered_lines": 3, "num_statements": 4, "percent_covered": 75.0, "percent_covered_display": "75", "missing_lines": 1, "excluded_lines": 0}, "missing_lines": [135], "excluded_lines": []}, "SlippageModel.apply": {"executed_lines": [], "summary": {"covered_lines": 0, "num_statements": 1, "percent_covered": 0.0, "percent_covered_display": "0", "missing_lines": 1, "excluded_lines": 0}, "missing_lines": [163], "excluded_lines": []}, "FixedSlippage.__post_init__": {"executed_lines": [175, 176], "summary": {"covered_lines": 2, "num_statements": 2, "percent_covered": 100.0, "percent_covered_display": "100", "missing_lines": 0, "excluded_lines": 0}, "missing_lines": [], "excluded_lines": []}, "FixedSlippage.apply": {"executed_lines": [186, 188, 189, 190, 193, 194], "summary": {"covered_lines": 6, "num_statements": 8, "percent_covered": 75.0, "percent_covered_display": "75", "missing_lines": 2, "excluded_lines": 0}, "missing_lines": [187, 191], "excluded_lines": []}, "VolumeImpactSlippage.__post_init__": {"executed_lines": [208, 210, 212], "summary": {"covered_lines": 3, "num_statements": 6, "percent_covered": 50.0, "percent_covered_display": "50", "missing_lines": 3, "excluded_lines": 0}, "missing_lines": [209, 211, 213], "excluded_lines": []}, "VolumeImpactSlippage.apply": {"executed_lines": [223, 225, 227, 230, 233, 235], "summary": {"covered_lines": 6, "num_statements": 9, "percent_covered": 66.66666666666667, "percent_covered_display": "67", "missing_lines": 3, "excluded_lines": 0}, "missing_lines": [224, 226, 228], "excluded_lines": []}, "BidAskSpreadSlippage.__post_init__": {"executed_lines": [248, 250], "summary": {"covered_lines": 2, "num_statements": 4, "percent_covered": 50.0, "percent_covered_display": "50", "missing_lines": 2, "excluded_lines": 0}, "missing_lines": [249, 251], "excluded_lines": []}, "BidAskSpreadSlippage.apply": {"executed_lines": [261, 263, 265, 268
[...]
t_covered": 100.0, "percent_covered_display": "100", "missing_lines": 0, "excluded_lines": 0}, "missing_lines": [], "excluded_lines": []}, "TutorialExecutor.reset": {"executed_lines": [1003, 1004, 1005, 1006, 1007, 1008, 1009], "summary": {"covered_lines": 7, "num_statements": 7, "percent_covered": 100.0, "percent_covered_display": "100", "missing_lines": 0, "excluded_lines": 0}, "missing_lines": [], "excluded_lines": []}, "": {"executed_lines": [1, 3, 4, 5, 6, 7, 9, 17, 18, 19, 22, 23, 24, 26, 27, 28, 29, 30, 31, 32, 34, 35, 43, 44, 48, 53, 68, 69, 70, 72, 73, 74, 75, 76, 77, 78, 79, 81, 96, 97, 98, 100, 101, 102, 103, 104, 105, 106, 107, 109, 124, 125, 126, 128, 129, 130, 131, 132, 133, 134, 135, 136, 138, 153, 154, 156, 161, 193, 215, 235, 249, 266, 267, 269, 274, 308, 317, 331, 348, 361, 397, 401, 405, 433, 434, 436, 441, 457, 478, 496, 516, 556, 571, 572, 574, 639, 668, 693, 726, 793, 824, 837, 862, 876, 928, 932, 936, 940, 944, 948, 956, 960, 964, 968, 972, 985, 989, 993, 997, 1001], "summary": {"covered_lines": 111, "num_statements": 111, "percent_covered": 100.0, "percent_covered_display": "100", "missing_lines": 0, "excluded_lines": 0}, "missing_lines": [], "excluded_lines": []}}, "classes": {"TutorialSession": {"executed_lines": [37, 38, 40, 41, 46, 50, 51, 55], "summary": {"covered_lines": 8, "num_statements": 8, "percent_covered": 100.0, "percent_covered_display": "100", "missing_lines": 0, "excluded_lines": 0}, "missing_lines": [], "excluded_lines": []}, "TradingMistake": {"executed_lines": [], "summary": {"covered_lines": 0, "num_statements": 1, "percent_covered": 0.0, "percent_covered_display": "0", "missing_lines": 1, "excluded_lines": 0}, "missing_lines": [83], "excluded_lines": []}, "DecisionAnalysis": {"executed_lines": [111], "summary": {"covered_lines": 1, "num_statements": 1, "percent_covered": 100.0, "percent_covered_display": "100", "missing_lines": 0, "excluded_lines": 0}, "missing_lines": [], "excluded_lines": []}, "TutorialFeedback": {"executed_lines": [140], "summary": {"covered_lines": 1, "num_statements": 1, "percent_covered": 100.0, "percent_covered_display": "100", "missing_lines": 0, "excluded_lines": 0}, "missing_lines": [], "excluded_lines": []}, "MarketDriverAnalysis": {"executed_lines": [158, 159, 164, 165, 168, 171, 172, 173, 174, 178, 179, 180, 190, 191, 195, 198, 199, 202, 203, 204, 205, 208, 209, 210, 211, 213, 217, 218, 220, 221, 225, 226, 228, 229, 230, 231, 233, 251, 254, 255, 256, 258, 259, 260, 261, 263], "summary": {"covered_lines": 46, "num_statements": 62, "percent_covered": 74.19354838709677, "percent_covered_display": "74", "missing_lines": 16, "excluded_lines": 0}, "missing_lines": [166, 181, 184, 185, 187, 222, 223, 237, 238, 240, 241, 243, 244, 245, 247, 252], "excluded_lines": []}, "MistakeTracker": {"executed_lines": [271, 272, 278, 281, 282, 285, 286, 289, 295, 300, 301, 302, 306, 311, 312, 314, 315, 319, 320, 321, 324, 325, 327, 329, 334, 335, 338, 342, 343, 346, 352, 353, 359, 369, 376, 386, 399, 403, 407, 409, 410, 411, 412, 430], "summary": {"covered_lines": 44, "num_statements": 57, "percent_covered": 77.19298245614036, "percent_covered_display": "77", "missing_lines": 13, "excluded_lines": 0}, "missing_lines": [290, 296, 328, 339, 344, 355, 358, 415, 416, 420, 421, 425, 426], "excluded_lines": []}, "ConfidenceMetrics": {"executed_lines": [438, 439, 448, 459, 460, 463, 466, 468, 470, 473, 476, 480, 481, 483, 486, 488, 491, 494, 498, 499, 502, 503, 504, 505, 506, 507, 508, 509, 510, 514, 518, 522, 523, 524, 528, 533, 539, 541, 558, 559, 560, 563], "summary": {"covered_lines": 42, "num_statements": 45, "percent_covered": 93.33333333333333, "percent_covered_display": "93", "missing_lines": 3, "excluded_lines": 0}, "missing_lines": [471, 512, 519], "excluded_lines": []}, "TutorialExecutor": {"executed_lines": [593, 596, 597, 598, 599, 600, 601, 604, 605, 606, 607, 610, 611, 612, 615, 616, 617, 623, 624, 629, 636, 637, 647, 651, 652, 660, 663, 664, 666, 670, 671, 673, 676, 679, 691, 696, 699, 705, 706, 709, 722, 724, 731, 732, 733, 738, 741, 744, 745, 746, 753, 756, 758, 770, 771, 777, 778, 785, 791, 797, 800, 801, 806, 807, 808, 810, 811, 812, 814, 818, 820, 822, 826, 827, 828, 830, 832, 833, 835, 841, 843, 844, 845, 851, 852, 853, 855, 856, 857, 860, 866, 869, 870, 871, 874, 878, 879, 882, 889, 896, 897, 898, 903, 906, 907, 911, 912, 913, 914, 916, 942, 966, 987, 991, 999, 1003, 1004, 1005, 1006, 1007, 1008, 1009], "summary": {"covered_lines": 122, "num_statements": 149, "percent_covered": 81.87919463087249, "percent_covered_display": "82", "missing_lines": 27, "excluded_lines": 0}, "missing_lines": [634, 635, 648, 779, 802, 803, 813, 815, 831, 846, 847, 848, 858, 872, 908, 930, 934, 938, 946, 950, 951, 953, 958, 962, 970, 981, 995], "excluded_lines": []}, "": {"executed_lines": [1, 3, 4, 5, 6, 7, 9, 17, 18, 19, 22, 23, 24, 26, 27, 28, 29, 30, 31, 32, 34, 35, 43, 44, 48, 53, 68, 69, 70, 72, 73, 74, 75, 76, 77, 78, 79, 81, 96, 97, 98, 100, 101, 102, 103, 104, 105, 106, 107, 109, 124, 125, 126, 128, 129, 130, 131, 132, 133, 134, 135, 136, 138, 153, 154, 156, 161, 193, 215, 235, 249, 266, 267, 269, 274, 308, 317, 331, 348, 361, 397, 401, 405, 433, 434, 436, 441, 457, 478, 496, 516, 556, 571, 572, 574, 639, 668, 693, 726, 793, 824, 837, 862, 876, 928, 932, 936, 940, 944, 948, 956, 960, 964, 968, 972, 985, 989, 993, 997, 1001], "summary": {"covered_lines": 111, "num_statements": 111, "percent_covered": 100.0, "percent_covered_display": "100", "missing_lines": 0, "excluded_lines": 0}, "missing_lines": [], "excluded_lines": []}}}, "quantchain\\tools\\web_dashboard.py": {"executed_lines": [1, 9, 10, 11, 12, 13, 14, 15, 16, 17, 20, 23, 24, 25, 27, 28, 29, 30, 31, 32, 33, 36, 37, 38, 40, 41, 42, 43, 44, 45, 46, 47, 50, 51, 52, 54, 55, 56, 57, 58, 59, 60, 61, 62, 63, 66, 67, 68, 70, 71, 72, 73, 74, 75, 76, 79, 80, 81, 83, 84, 85, 86, 87, 88, 89, 90, 93, 94, 96, 98, 100, 111, 112, 113, 114, 115, 116, 119, 141, 152, 153, 154, 157, 170, 178, 179, 180, 183, 193, 196, 201, 220, 221, 223, 233, 235, 236, 245, 247, 249, 250, 260, 267, 269, 282, 284, 285, 286, 295, 297, 300, 301, 310, 319, 320, 331, 339, 341, 353, 356, 378, 381, 397, 405, 413, 417, 420, 421, 423, 425, 453, 463, 464, 466, 468, 478, 479, 482, 483, 484, 485, 488, 489, 492, 493, 494, 500, 501, 510, 512, 523, 525, 527, 528, 530, 536, 537, 539, 546, 547, 548, 549, 551, 560, 561, 563, 565, 572, 574, 575, 578, 583, 584, 592, 594, 597, 599, 604, 606, 607, 608, 610, 611, 612, 614, 615, 616, 618, 619, 620, 621, 622, 625, 628, 629, 630, 631, 634, 648, 649, 650, 655, 657, 658, 659, 660, 663, 674, 675, 676, 680, 766, 778, 854, 862, 904, 914, 915, 917, 920, 956], "summary": {"covered_lines": 211, "num_statements": 344, "percent_covered": 61.33720930232558, "percent_covered_display": "61", "missing_lines": 133, "excluded_lines": 0}, "missing_lines": [197, 198, 502, 503, 508, 531, 532, 533, 585, 586, 587, 588, 589, 590, 600, 601, 652, 678, 682, 685, 686, 687, 688, 690, 693, 696, 699, 700, 705, 707, 708, 710, 711, 713, 714, 717, 720, 728, 729, 732, 734, 738, 739, 740, 741, 742, 744, 747, 749, 750, 751, 753, 756, 758, 759, 760, 761, 762, 764, 768, 771, 773, 774, 776, 780, 783, 787, 788, 791, 793, 794, 795, 796, 799, 801, 802, 807, 810, 817, 822, 828, 834, 837, 838, 840, 841, 843, 844, 845, 846, 848, 850, 851, 852, 856, 858, 864, 867, 870, 872, 873, 875, 876, 878, 879, 881, 882, 885, 887, 888, 889, 890, 893, 895, 897, 898, 900, 901, 922, 924, 927, 928, 929, 930, 931, 932, 935, 938, 939, 940, 942, 943, 957], "excluded_lines": [], "functions": {"MonitoringService.__init__": {"executed_lines": [98], "summary": {"covered_lines": 1, "num_statements": 1, "percent_covered": 100.0, "percent_covered_display": "100", "missing_lines": 0, "excluded_lines": 0}, "missing_lines": [], "excluded_lines": []}, "MonitoringService.get_agent_status": {"executed_lines": [111, 112, 113, 114, 115, 116, 119], "summary": {"covered_lines": 7, "num_statements": 7, "percent_covered": 100.0, "percent_covered_display": "100", "missing_lines": 0, "excluded_lines": 0}, "missing_lines": [], "excluded_lines": []}, "MonitoringService.get_portfolio_metrics": {"executed_lines": [152, 153, 154, 157], "summary": {"covered_lines": 4, "num_statements": 4, "percent_covered": 100.0, "percent_covered_display": "100", "missing_lines": 0, "excluded_lines": 0}, "missing_lines": [], "excluded_lines": []}, "MonitoringService.get_system_health": {"executed_lines": [178, 179, 180, 183], "summary": {"covered_lines": 4, "num_statements": 4, "percent_covered": 100.0, "percent_covered_display": "100", "missing_lines": 0, "excluded_lines": 0}, "missing_lines": [], "excluded_lines": []}, "MonitoringService.get_all_agents": {"executed_lines": [196, 201], "summary": {"covered_lines": 2, "num_statements": 4, "percent_covered": 50.0, "percent_covered_display": "50", "missing_lines": 2, "excluded_lines": 0}, "missing_lines": [197, 198], "excluded_lines": []}, "VisualizationService.create_equity_curve": {"executed_lines": [233, 235, 236, 245, 247, 249, 250, 260, 267], "summary": {"covered_lines": 9, "num_statements": 9, "percent_covered": 100.0, "percent_covered_display": "100", "missing_lines": 0, "excluded_lines": 0}, "missing_lines": [], "excluded_lines": []}, "VisualizationService.create_decision_flow_diagram": {"executed_lines": [282, 284, 285, 286, 295, 297, 300, 301, 310, 319, 320, 331, 339], "summary": {"covered_lines": 13, "num_statements": 13, "percent_covered": 100.0, "percent_covered_display": "100", "missing_lines": 0, "excluded_lines": 0}, "missing_lines": [], "excluded_lines": []}, "VisualizationService.create_performance_charts": {"executed_lines": [353, 356, 378, 381, 397, 405, 413, 417], "summary": {"covered_lines": 8, "num_statements": 8, "percent_covered": 100.0, "percent_covered_display": "100", "missing_lines": 0, "excluded_lines": 0}, "missing_lines": [], "excluded_lines": []}, "ConfigurationWizard.__init__": {"executed_lines": [425], "summary": {"covered_lines": 1, "num_statements": 1, "percent_covered": 100.0, "percent_covered_display": "100", "missing_lines": 0, "excluded_lines": 0}, "missing_lines": [], "excluded_lines": []}, "ConfigurationWizard.get_agent_template": {"executed_lines": [463, 464, 466], "summary": {"covered_lines": 3, "num_statements": 3, "percent_covered": 100.0, "percent_covered_display": "100", "missing_lines": 0, "excluded_lines": 0}, "missing_lines": [], "excluded_lines": []}, "ConfigurationWizard.validate_config": {"executed_lines": [478, 479, 482, 483, 484, 485, 488, 489, 492, 493, 494, 500, 501, 510], "summary": {"covered_lines": 14, "num_statements": 17, "percent_covered": 82.3529411764706, "percent_covered_display": "82", "missing_lines": 3, "excluded_lines": 0}, "missing_lines": [502, 503, 508], "excluded_lines": []}, "ConfigurationWizard.save_config": {"executed_lines": [523, 525, 527, 528, 530], "summary": {"covered_lines": 5, "num_statements": 8, "percent_covered": 62.5, "percent_covered_display": "62", "missing_lines": 3, "excluded_lines": 0}, "missing_lines": [531, 532, 533], "excluded_lines": []}, "WebDashboardApp.__init__": {"executed_lines": [546, 547, 548, 549], "summary": {"covered_lines": 4, "num_statements": 4, "percent_covered": 100.0, "percent_covered_display": "100", "missing_lines": 0, "excluded_lines": 0}, "missing_lines": [], "excluded_lines": []}, "WebDashboardApp.run": {"executed_lines": [560, 561], "summary": {"covered_lines": 2, "num_statements": 2, "percent_covered": 100.0, "percent_covered_display": "100", "missing_lines": 0, "excluded_lines": 0}, "missing_lines": [], "excluded_lines": []}, "WebDashboardApp._setup_page_config": {"executed_lines": [565], "summary": {"covered_lines": 1, "num_statements": 1, "percent_covered": 100.0, "percent_covered_display": "100", "missing_lines": 0, "excluded_lines": 0}, "missing_lines": [], "excluded_lines": []}, "WebDashboardApp._render_main_page": {"executed_lines": [574, 575, 578, 583, 584], "summary": {"covered_lines": 5, "num_statements": 11, "percent_covered": 45.45454545454545, "percent_covered_display": "45", "missing_lines": 6, "excluded_lines": 0}, "missing_lines": [585, 586, 587, 588, 589, 590], "excluded_lines": []}, "WebDashboardApp._render_overview_page": {"executed_lines": [594, 597, 599, 604, 606, 607, 608, 610, 611, 612, 614, 615, 616, 618, 619, 620, 621, 622, 625, 628, 629, 630, 631, 634, 648, 649, 650, 655, 657, 658, 659, 660, 663, 674, 675, 676], "summary": {"covered_lines": 36, "num_statements": 40, "percent_covered": 90.0, "percent_covered_display": "90", "missing_lines": 4, "excluded_lines": 0}, "missing_lines": [600, 601, 652, 678], "excluded_lines": []}, "WebDashboardApp._render_agent_detail_page": {"executed_lines": [], "summary": {"covered_lines": 0, "num_statements": 41, "percent_covered": 0.0, "percent_covered_display": "0", "missing_lines": 41, "excluded_lines": 0}, "missing_lines": [682, 685, 686, 687, 688, 690, 693, 696, 699, 700, 705, 707, 708, 710, 711, 713, 714, 717, 720, 728, 729, 732, 734, 738, 739, 740, 741, 742, 744, 747, 749, 750, 751, 753, 756, 758, 759, 760, 761, 762, 764], "excluded_lines": []}, "WebDashboardApp._render_configuration_page": {"executed_lines": [], "summary": {"covered_lines": 0, "num_statements": 5, "percent_covered": 0.0, "percent_covered_display": "0", "missing_lines": 5, "excluded_lines": 0}, "missing_lines": [768, 771, 773, 774, 776], "excluded_lines": []}, "WebDashboardApp._render_new_config_wizard": {"executed_lines": [], "summary": {"covered_lines": 0, "num_statements": 30, "percent_covered": 0.0, "percent_covered_display": "0", "missing_lines": 30, "excluded_lines": 0}, "missing_lines": [780, 783, 787, 788, 791, 793, 794, 795, 796, 799, 801, 802, 807, 810, 817, 822, 828, 834, 837, 838, 840, 841, 843, 844, 845, 846, 848, 850, 851, 852], "excluded_lines": []}, "WebDashboardApp._render_existing_config_editor": {"executed_lines": [], "summary": {"covered_lines": 0, "num_statements": 2, "percent_covered": 0.0, "percent_covered_display": "0", "missing_lines": 2, "excluded_lines": 0}, "missing_lines": [856, 858], "excluded_lines": []}, "WebDashboardApp._render_system_health_page": {"executed_lines": [], "summary": {"covered_lines": 0, "num_statements": 22, "percent_covered": 0.0, "percent_covered_display": "0", "missing_lines": 22, "excluded_lines": 0}, "missing_lines": [864, 867, 870, 872, 873, 875, 876, 878, 879, 881, 882, 885, 887, 888, 889, 890, 893, 895, 897, 898, 900, 901], "excluded_lines": []}, "create_dashboard": {"executed_lines": [914, 915, 917], "summary": {"covered_lines": 3, "num_statements": 3, "percent_covered": 100.0, "percent_covered_display": "100", "missing_lines": 0, "excluded_lines": 0}, "missing_lines": [], "excluded_lines": []}, "main": {"executed_lines": [], "summary": {"covered_lines": 0, "num_statements": 14, "percent_covered": 0.0, "percent_covered_display": "0", "missing_lines": 14, "excluded_lines": 0}, "missing_lines": [922, 924, 927, 928, 929, 930, 931, 932, 935, 938, 939, 940, 942, 943], "excluded_lines": []}, "": {"executed_lines": [1, 9, 10, 11, 12, 13, 14, 15, 16, 17, 20, 23, 24, 25, 27, 28, 29, 30, 31, 32, 33, 36, 37, 38, 40, 41, 42, 43, 44, 45, 46, 47, 50, 51, 52, 54, 55, 56, 57, 58, 59, 60, 61, 62, 63, 66, 67, 68, 70, 71, 72, 73, 74, 75, 76, 79, 80, 81, 83, 84, 85, 86, 87, 88, 89, 90, 93, 94, 96, 100, 141, 170, 193, 220, 221, 223, 269, 341, 420, 421, 423, 453, 468, 512, 536, 537, 539, 551, 563, 572, 592, 680, 766, 778, 854, 862, 904, 920, 956], "summary": {"covered_lines": 89, "num_statements": 90, "percent_covered": 98.88888888888889, "percent_covered_display": "99", "missing_lines": 1, "excluded_lines": 0}, "missing_lines": [957], "excluded_lines": []}}, "classes": {"DashboardConfig": {"executed_lines": [], "summary": {"covered_lines": 0, "num_statements": 0, "percent_covered": 100.0, "percent_covered_display": "100", "missing_lines": 0, "excluded_lines": 0}, "missing_lines": [], "excluded_lines": []}, "AgentStatus": {"executed_lines": [], "summary": {"covered_lines": 0, "num_statements": 0, "percent_covered": 100.0, "percent_covered_display": "100", "missing_lines": 0, "excluded_lines": 0}, "missing_lines": [], "excluded_lines": []}, "PortfolioMetrics": {"executed_lines": [], "summary": {"covered_lines": 0, "num_statements": 0, "percent_covered": 100.0, "percent_covered_display": "100", "missing_lines": 0, "excluded_lines": 0}, "missing_lines": [], "excluded_lines": []}, "SystemHealth": {"executed_lines": [], "summary": {"covered_lines": 0, "num_statements": 0, "percent_covered": 100.0, "percent_covered_display": "100", "missing_lines": 0, "excluded_lines": 0}, "missing_lines": [], "excluded_lines": []}, "AgentConfig": {"executed_lines": [], "summary": {"covered_lines": 0, "num_statements": 0, "percent_covered": 100.0, "percent_covered_display": "100", "missing_lines": 0, "excluded_lines": 0}, "missing_lines": [], "excluded_lines": []}, "MonitoringService": {"executed_lines": [98, 111, 112, 113, 114, 115, 116, 119, 152, 153, 154, 157, 178, 179, 180, 183, 196, 201], "summary": {"covered_lines": 18, "num_statements": 20, "percent_covered": 90.0, "percent_covered_display": "90", "missing_lines": 2, "excluded_lines": 0}, "missing_lines": [197, 198], "excluded_lines": []}, "VisualizationService": {"executed_lines": [233, 235, 236, 245, 247, 249, 250, 260, 267, 282, 284, 285, 286, 295, 297, 300, 301, 310, 319, 320, 331, 339, 353, 356, 378, 381, 397, 405, 413, 417], "summary": {"covered_lines": 30, "num_statements": 30, "percent_covered": 100.0, "percent_covered_display": "100", "missing_lines": 0, "excluded_lines": 0}, "missing_lines": [], "excluded_lines": []}, "ConfigurationWizard": {"executed_lines": [425, 463, 464, 466, 478, 479, 482, 483, 484, 485, 488, 489, 492, 493, 494, 500, 501, 510, 523, 525, 527, 528, 530], "summary": {"covered_lines": 23, "num_statements": 29, "percent_covered": 79.3103448275862, "percent_covered_display": "79", "missing_lines": 6, "excluded_lines": 0}, "missing_lines": [502, 503, 508, 531, 532, 533], "excluded_lines": []}, "WebDashboardApp": {"executed_lines": [546, 547, 548, 549, 560, 561, 565, 574, 575, 578, 583, 584, 594, 597, 599, 604, 606, 607, 608, 610, 611, 612, 614, 615, 616, 618, 619, 620, 621, 622, 625, 628, 629, 630, 631, 634, 648, 649, 650, 655, 657, 658, 659, 660, 663, 674, 675, 676], "summary": {"covered_lines": 48, "num_statements": 158, "percent_covered": 30.379746835443036, "percent_covered_display": "30", "missing_lines": 110, "excluded_lines": 0}, "missing_lines": [585, 586, 587, 588, 589, 590, 600, 601, 652, 678, 682, 685, 686, 687, 688, 690, 693, 696, 699, 700, 705, 707, 708, 710, 711, 713, 714, 717, 720, 728, 729, 732, 734, 738, 739, 740, 741, 742, 744, 747, 749, 750, 751, 753, 756, 758, 759, 760, 761, 762, 764, 768, 771, 773, 774, 776, 780, 783, 787, 788, 791, 793, 794, 795, 796, 799, 801, 802, 807, 810, 817, 822, 828, 834, 837, 838, 840, 841, 843, 844, 845, 846, 848, 850, 851, 852, 856, 858, 864, 867, 870, 872, 873, 875, 876, 878, 879, 881, 882, 885, 887, 888, 889, 890, 893, 895, 897, 898, 900, 901], "excluded_lines": []}, "": {"executed_lines": [1, 9, 10, 11, 12, 13, 14, 15, 16, 17, 20, 23, 24, 25, 27, 28, 29, 30, 31, 32, 33, 36, 37, 38, 40, 41, 42, 43, 44, 45, 46, 47, 50, 51, 52, 54, 55, 56, 57, 58, 59, 60, 61, 62, 63, 66, 67, 68, 70, 71, 72, 73, 74, 75, 76, 79, 80, 81, 83, 84, 85, 86, 87, 88, 89, 90, 93, 94, 96, 100, 141, 170, 193, 220, 221, 223, 269, 341, 420, 421, 423, 453, 468, 512, 536, 537, 539, 551, 563, 572, 592, 680, 766, 778, 854, 862, 904, 914, 915, 917, 920, 956], "summary": {"covered_lines": 92, "num_statements": 107, "percent_covered": 85.98130841121495, "percent_covered_display": "86", "missing_lines": 15, "excluded_lines": 0}, "missing_lines": [922, 924, 927, 928, 929, 930, 931, 932, 935, 938, 939, 940, 942, 943, 957], "excluded_lines": []}}}}, "totals": {"covered_lines": 4598, "num_statements": 5628, "percent_covered": 81.69864960909737, "percent_covered_display": "82", "missing_lines": 1030, "excluded_lines": 0}}